IQ-TREE multicore version 2.0.6 for Mac OS X 64-bit built May 30 2020
Developed by Bui Quang Minh, Nguyen Lam Tung, Olga Chernomor,
Heiko Schmidt, Dominik Schrempf, Michael Woodhams.

Host:    Kathryns-MBP (AVX512, FMA3, 32 GB RAM)
Command: /Users/kathryncampbell/Desktop/iqtree2 -s /Users/kathryncampbell/Documents/GitHub/Lineages/220720_GLUE_CosmoSeqs_align.fasta -B 1000 -m GTR+F+I+G4
Seed:    403495 (Using SPRNG - Scalable Parallel Random Number Generator)
Time:    Wed Jul 22 16:21:15 2020
Kernel:  AVX+FMA - 1 threads (8 CPU cores detected)

HINT: Use -nt option to specify number of threads because your CPU has 8 cores!
HINT: -nt AUTO will automatically determine the best number of threads to use.

Reading alignment file /Users/kathryncampbell/Documents/GitHub/Lineages/220720_GLUE_CosmoSeqs_align.fasta ... Fasta format detected
Alignment most likely contains DNA/RNA sequences
Alignment has 567 sequences with 12042 columns, 6775 distinct patterns
5591 parsimony-informative, 650 singleton sites, 5801 constant sites
WARNING: Some sequence names are changed as follows:
AB009663.8648084.11,926 -> AB009663.8648084.11_926
AB044824.8648068.11,926 -> AB044824.8648068.11_926
AB085828.27530021.11,615 -> AB085828.27530021.11_615
AB128149.39652602.11,926 -> AB128149.39652602.11_926
AB362483.260063801.11,924 -> AB362483.260063801.11_924
AB517659.374428439.11,923 -> AB517659.374428439.11_923
AB517660.374428445.11,925 -> AB517660.374428445.11_925
AB645847.372558285.11,923 -> AB645847.372558285.11_923
AB839169.527317319.10,015 -> AB839169.527317319.10_015
AB839170.527317324.11,634 -> AB839170.527317324.11_634
DQ099524.70724979.11,711 -> DQ099524.70724979.11_711
DQ099525.70724985.11,723 -> DQ099525.70724985.11_723
DQ875050.113883018.11,869 -> DQ875050.113883018.11_869
DQ875051.113883024.11,863 -> DQ875051.113883024.11_863
EF542830.156103623.11,932 -> EF542830.156103623.11_932
EU293115.167507566.11,923 -> EU293115.167507566.11_923
FJ577895.221047213.11,924 -> FJ577895.221047213.11_924
GQ412744.304420663.11,925 -> GQ412744.304420663.11_925
GQ918139.299542131.11,927 -> GQ918139.299542131.11_927
GU565703.291220674.11,925 -> GU565703.291220674.11_925
GU565704.291220680.11,925 -> GU565704.291220680.11_925
HM535790.312843846.11,927 -> HM535790.312843846.11_927
HQ450386.315666554.11,924 -> HQ450386.315666554.11_924
HQ891318.341868856.11,927 -> HQ891318.341868856.11_927
JN234411.359374294.11,925 -> JN234411.359374294.11_925
JQ685894.393801415.11,923 -> JQ685894.393801415.11_923
JQ685899.393801439.11,930 -> JQ685899.393801439.11_930
JQ685943.393801625.11,925 -> JQ685943.393801625.11_925
JQ685944.393801631.11,925 -> JQ685944.393801631.11_925
JQ685967.393801757.11,923 -> JQ685967.393801757.11_923
JQ685970.393801775.11,923 -> JQ685970.393801775.11_923
JQ944704.394333120.11,923 -> JQ944704.394333120.11_923
JQ944705.394333126.11,923 -> JQ944705.394333126.11_923
JQ944706.394333132.11,923 -> JQ944706.394333132.11_923
JQ944708.394333144.11,914 -> JQ944708.394333144.11_914
JQ944709.394333150.11,927 -> JQ944709.394333150.11_927
JX473838.409034468.11,923 -> JX473838.409034468.11_923
JX473839.409034474.11,923 -> JX473839.409034474.11_923
JX473840.409034480.11,923 -> JX473840.409034480.11_923
JX473841.409034486.11,923 -> JX473841.409034486.11_923
KC252633.544069712.11,917 -> KC252633.544069712.11_917
KC595280.469569381.11,796 -> KC595280.469569381.11_796
KC595281.469569387.11,799 -> KC595281.469569387.11_799
KC595282.469569393.11,798 -> KC595282.469569393.11_798
KC595283.469569399.11,798 -> KC595283.469569399.11_798
KC737850.511774883.11,925 -> KC737850.511774883.11_925
KF154997.522695420.11,923 -> KF154997.522695420.11_923
KF154998.522695426.11,924 -> KF154998.522695426.11_924
KF155000.522695438.11,923 -> KF155000.522695438.11_923
KF155001.522695444.11,926 -> KF155001.522695444.11_926
KF155002.522695450.11,923 -> KF155002.522695450.11_923
KM016899.689434095.11,923 -> KM016899.689434095.11_923
KM198893.698175401.11,932 -> KM198893.698175401.11_932
KM594039.855582647.11,881 -> KM594039.855582647.11_881
KP723638.762024742.11,926 -> KP723638.762024742.11_926
KP997032.924878578.11,873 -> KP997032.924878578.11_873
KR534217.1095897014.11,923 -> KR534217.1095897014.11_923
KR534218.1095897020.11,923 -> KR534218.1095897020.11_923
KR534219.1095897026.11,923 -> KR534219.1095897026.11_923
KR534220.1095897032.11,923 -> KR534220.1095897032.11_923
KR534228.1095897038.11,914 -> KR534228.1095897038.11_914
KR534229.1095897044.11,849 -> KR534229.1095897044.11_849
KR534230.1095897050.11,885 -> KR534230.1095897050.11_885
KR534231.1095897056.11,884 -> KR534231.1095897056.11_884
KR534232.1095897062.11,923 -> KR534232.1095897062.11_923
KR534233.1095897068.11,923 -> KR534233.1095897068.11_923
KR534234.1095897074.11,923 -> KR534234.1095897074.11_923
KR534235.1095897080.11,923 -> KR534235.1095897080.11_923
KR534236.1095897086.11,923 -> KR534236.1095897086.11_923
KR534237.1095897092.11,923 -> KR534237.1095897092.11_923
KR534238.1095897098.11,867 -> KR534238.1095897098.11_867
KR534244.1095897104.11,914 -> KR534244.1095897104.11_914
KR534245.1095897110.11,923 -> KR534245.1095897110.11_923
KR534246.1095897116.11,923 -> KR534246.1095897116.11_923
KR534247.1095897122.11,923 -> KR534247.1095897122.11_923
KR534248.1095897128.11,923 -> KR534248.1095897128.11_923
KR534249.1095897134.11,917 -> KR534249.1095897134.11_917
KR534250.1095897140.11,923 -> KR534250.1095897140.11_923
KR534251.1095897146.11,923 -> KR534251.1095897146.11_923
KR534252.1095897152.11,923 -> KR534252.1095897152.11_923
KR534253.1095897158.11,922 -> KR534253.1095897158.11_922
KR534254.1095897164.11,923 -> KR534254.1095897164.11_923
KR534256.1095897170.11,921 -> KR534256.1095897170.11_921
KR906734.1016870457.11,923 -> KR906734.1016870457.11_923
KR906735.1016870463.11,903 -> KR906735.1016870463.11_903
KR906736.1016870469.11,923 -> KR906736.1016870469.11_923
KR906737.1016870475.11,920 -> KR906737.1016870475.11_920
KR906738.1016870481.11,923 -> KR906738.1016870481.11_923
KR906739.1016870487.11,923 -> KR906739.1016870487.11_923
KR906740.1016870493.11,914 -> KR906740.1016870493.11_914
KR906741.1016870499.11,923 -> KR906741.1016870499.11_923
KR906742.1016870505.11,923 -> KR906742.1016870505.11_923
KR906743.1016870511.11,914 -> KR906743.1016870511.11_914
KR906744.1016870517.11,914 -> KR906744.1016870517.11_914
KR906745.1016870523.11,914 -> KR906745.1016870523.11_914
KR906746.1016870529.11,875 -> KR906746.1016870529.11_875
KR906747.1016870535.11,923 -> KR906747.1016870535.11_923
KR906748.1016870541.11,923 -> KR906748.1016870541.11_923
KR906749.1016870547.11,878 -> KR906749.1016870547.11_878
KR906750.1016870553.11,854 -> KR906750.1016870553.11_854
KR906751.1016870559.11,915 -> KR906751.1016870559.11_915
KR906752.1016870565.11,923 -> KR906752.1016870565.11_923
KR906753.1016870571.11,922 -> KR906753.1016870571.11_922
KR906754.1016870577.11,865 -> KR906754.1016870577.11_865
KR906755.1016870583.11,923 -> KR906755.1016870583.11_923
KR906756.1016870589.11,923 -> KR906756.1016870589.11_923
KR906757.1016870595.11,890 -> KR906757.1016870595.11_890
KR906758.1016870601.11,825 -> KR906758.1016870601.11_825
KR906759.1016870607.11,829 -> KR906759.1016870607.11_829
KR906760.1016870613.11,920 -> KR906760.1016870613.11_920
KR906761.1016870619.11,845 -> KR906761.1016870619.11_845
KR906762.1016870625.11,914 -> KR906762.1016870625.11_914
KR906763.1016870631.11,920 -> KR906763.1016870631.11_920
KR906764.1016870637.11,914 -> KR906764.1016870637.11_914
KR906765.1016870643.11,923 -> KR906765.1016870643.11_923
KR906766.1016870649.11,914 -> KR906766.1016870649.11_914
KR906767.1016870655.11,914 -> KR906767.1016870655.11_914
KR906768.1016870661.11,878 -> KR906768.1016870661.11_878
KR906769.1016870667.11,923 -> KR906769.1016870667.11_923
KR906770.1016870673.11,914 -> KR906770.1016870673.11_914
KR906771.1016870679.11,923 -> KR906771.1016870679.11_923
KR906772.1016870685.11,923 -> KR906772.1016870685.11_923
KR906773.1016870691.11,923 -> KR906773.1016870691.11_923
KR906774.1016870697.11,921 -> KR906774.1016870697.11_921
KR906775.1016870703.11,854 -> KR906775.1016870703.11_854
KR906776.1016870709.11,923 -> KR906776.1016870709.11_923
KR906777.1016870715.11,923 -> KR906777.1016870715.11_923
KR906778.1016870721.11,914 -> KR906778.1016870721.11_914
KR906779.1016870727.11,920 -> KR906779.1016870727.11_920
KR906780.1016870733.11,920 -> KR906780.1016870733.11_920
KR906781.1016870739.11,923 -> KR906781.1016870739.11_923
KR906782.1016870745.11,919 -> KR906782.1016870745.11_919
KR906783.1016870751.11,923 -> KR906783.1016870751.11_923
KR906784.1016870757.11,923 -> KR906784.1016870757.11_923
KR906785.1016870763.11,922 -> KR906785.1016870763.11_922
KR906786.1016870769.11,923 -> KR906786.1016870769.11_923
KR906787.1016870775.11,923 -> KR906787.1016870775.11_923
KR906788.1016870781.11,919 -> KR906788.1016870781.11_919
KR906789.1016870787.11,923 -> KR906789.1016870787.11_923
KR906790.1016870793.11,923 -> KR906790.1016870793.11_923
KR906791.1016870799.11,874 -> KR906791.1016870799.11_874
KR906792.1016870805.11,923 -> KR906792.1016870805.11_923
KT006769.1240180963.11,922 -> KT006769.1240180963.11_922
KT336432.916354816.11,923 -> KT336432.916354816.11_923
KT336433.916354822.11,923 -> KT336433.916354822.11_923
KT336434.916354828.11,923 -> KT336434.916354828.11_923
KT336435.916354834.11,923 -> KT336435.916354834.11_923
KT336436.916354840.11,923 -> KT336436.916354840.11_923
KT336437.916354846.11,923 -> KT336437.916354846.11_923
KT728348.949175594.11,873 -> KT728348.949175594.11_873
KT728349.949175600.11,873 -> KT728349.949175600.11_873
KX148101.1104691537.11,923 -> KX148101.1104691537.11_923
KX148102.1104691543.11,922 -> KX148102.1104691543.11_922
KX148103.1104691549.11,922 -> KX148103.1104691549.11_922
KX148104.1104691555.11,923 -> KX148104.1104691555.11_923
KX148110.1104691591.11,802 -> KX148110.1104691591.11_802
KX148111.1104691597.11,802 -> KX148111.1104691597.11_802
KX148112.1104691603.11,802 -> KX148112.1104691603.11_802
KX148113.1104691609.11,802 -> KX148113.1104691609.11_802
KX148114.1104691615.11,802 -> KX148114.1104691615.11_802
KX148115.1104691621.11,802 -> KX148115.1104691621.11_802
KX148116.1104691627.11,802 -> KX148116.1104691627.11_802
KX148117.1104691633.11,802 -> KX148117.1104691633.11_802
KX148118.1104691639.11,803 -> KX148118.1104691639.11_803
KX148119.1104691645.11,800 -> KX148119.1104691645.11_800
KX148120.1104691651.11,800 -> KX148120.1104691651.11_800
KX148121.1104691657.11,800 -> KX148121.1104691657.11_800
KX148122.1104691663.11,801 -> KX148122.1104691663.11_801
KX148123.1104691669.11,801 -> KX148123.1104691669.11_801
KX148124.1104691675.11,801 -> KX148124.1104691675.11_801
KX148125.1104691681.11,801 -> KX148125.1104691681.11_801
KX148126.1104691687.11,801 -> KX148126.1104691687.11_801
KX148127.1104691693.11,801 -> KX148127.1104691693.11_801
KX148128.1104691699.11,801 -> KX148128.1104691699.11_801
KX148129.1104691705.11,801 -> KX148129.1104691705.11_801
KX148130.1104691711.11,801 -> KX148130.1104691711.11_801
KX148131.1104691717.11,801 -> KX148131.1104691717.11_801
KX148132.1104691723.11,801 -> KX148132.1104691723.11_801
KX148133.1104691729.11,801 -> KX148133.1104691729.11_801
KX148134.1104691735.11,801 -> KX148134.1104691735.11_801
KX148135.1104691741.11,801 -> KX148135.1104691741.11_801
KX148136.1104691747.11,800 -> KX148136.1104691747.11_800
KX148137.1104691753.11,800 -> KX148137.1104691753.11_800
KX148138.1104691759.11,801 -> KX148138.1104691759.11_801
KX148139.1104691765.11,800 -> KX148139.1104691765.11_800
KX148140.1104691771.11,801 -> KX148140.1104691771.11_801
KX148141.1104691777.11,801 -> KX148141.1104691777.11_801
KX148142.1104691783.11,801 -> KX148142.1104691783.11_801
KX148143.1104691789.11,802 -> KX148143.1104691789.11_802
KX148144.1104691795.11,801 -> KX148144.1104691795.11_801
KX148145.1104691801.11,801 -> KX148145.1104691801.11_801
KX148146.1104691807.11,801 -> KX148146.1104691807.11_801
KX148147.1104691813.11,801 -> KX148147.1104691813.11_801
KX148148.1104691819.11,801 -> KX148148.1104691819.11_801
KX148149.1104691825.11,801 -> KX148149.1104691825.11_801
KX148150.1104691831.11,801 -> KX148150.1104691831.11_801
KX148151.1104691837.11,801 -> KX148151.1104691837.11_801
KX148152.1104691843.11,802 -> KX148152.1104691843.11_802
KX148153.1104691849.11,801 -> KX148153.1104691849.11_801
KX148154.1104691855.11,801 -> KX148154.1104691855.11_801
KX148155.1104691861.11,801 -> KX148155.1104691861.11_801
KX148156.1104691867.11,802 -> KX148156.1104691867.11_802
KX148157.1104691873.11,801 -> KX148157.1104691873.11_801
KX148158.1104691879.11,801 -> KX148158.1104691879.11_801
KX148159.1104691885.11,801 -> KX148159.1104691885.11_801
KX148160.1104691891.11,801 -> KX148160.1104691891.11_801
KX148161.1104691897.11,801 -> KX148161.1104691897.11_801
KX148162.1104691903.11,801 -> KX148162.1104691903.11_801
KX148163.1104691909.11,801 -> KX148163.1104691909.11_801
KX148164.1104691915.11,801 -> KX148164.1104691915.11_801
KX148165.1104691921.11,802 -> KX148165.1104691921.11_802
KX148166.1104691927.11,801 -> KX148166.1104691927.11_801
KX148167.1104691933.11,801 -> KX148167.1104691933.11_801
KX148168.1104691939.11,801 -> KX148168.1104691939.11_801
KX148169.1104691945.11,801 -> KX148169.1104691945.11_801
KX148170.1104691951.11,801 -> KX148170.1104691951.11_801
KX148171.1104691957.11,801 -> KX148171.1104691957.11_801
KX148172.1104691963.11,801 -> KX148172.1104691963.11_801
KX148173.1104691969.11,801 -> KX148173.1104691969.11_801
KX148174.1104691975.11,801 -> KX148174.1104691975.11_801
KX148175.1104691981.11,801 -> KX148175.1104691981.11_801
KX148176.1104691987.11,801 -> KX148176.1104691987.11_801
KX148177.1104691993.11,801 -> KX148177.1104691993.11_801
KX148178.1104691999.11,801 -> KX148178.1104691999.11_801
KX148179.1104692005.11,801 -> KX148179.1104692005.11_801
KX148180.1104692011.11,801 -> KX148180.1104692011.11_801
KX148181.1104692017.11,801 -> KX148181.1104692017.11_801
KX148182.1104692023.11,801 -> KX148182.1104692023.11_801
KX148183.1104692029.11,801 -> KX148183.1104692029.11_801
KX148184.1104692035.11,801 -> KX148184.1104692035.11_801
KX148185.1104692041.11,801 -> KX148185.1104692041.11_801
KX148186.1104692047.11,801 -> KX148186.1104692047.11_801
KX148187.1104692053.11,801 -> KX148187.1104692053.11_801
KX148188.1104692059.11,801 -> KX148188.1104692059.11_801
KX148189.1104692065.11,801 -> KX148189.1104692065.11_801
KX148190.1104692071.11,801 -> KX148190.1104692071.11_801
KX148191.1104692077.11,802 -> KX148191.1104692077.11_802
KX148192.1104692083.11,802 -> KX148192.1104692083.11_802
KX148193.1104692089.11,805 -> KX148193.1104692089.11_805
KX148194.1104692095.11,805 -> KX148194.1104692095.11_805
KX148195.1104692101.11,804 -> KX148195.1104692101.11_804
KX148196.1104692107.11,804 -> KX148196.1104692107.11_804
KX148197.1104692113.11,804 -> KX148197.1104692113.11_804
KX148198.1104692119.11,804 -> KX148198.1104692119.11_804
KX148199.1104692125.11,804 -> KX148199.1104692125.11_804
KX148200.1104692131.11,807 -> KX148200.1104692131.11_807
KX148201.1104692137.11,805 -> KX148201.1104692137.11_805
KX148202.1104692143.11,804 -> KX148202.1104692143.11_804
KX148203.1104692149.11,801 -> KX148203.1104692149.11_801
KX148204.1104692155.11,800 -> KX148204.1104692155.11_800
KX148205.1104692161.11,801 -> KX148205.1104692161.11_801
KX148206.1104692167.11,801 -> KX148206.1104692167.11_801
KX148207.1104692173.11,801 -> KX148207.1104692173.11_801
KX148208.1104692179.11,802 -> KX148208.1104692179.11_802
KX148209.1104692185.11,801 -> KX148209.1104692185.11_801
KX148210.1104692191.11,801 -> KX148210.1104692191.11_801
KX148211.1104692197.11,801 -> KX148211.1104692197.11_801
KX148212.1104692203.11,802 -> KX148212.1104692203.11_802
KX148213.1104692209.11,801 -> KX148213.1104692209.11_801
KX148214.1104692215.11,803 -> KX148214.1104692215.11_803
KX148215.1104692221.11,803 -> KX148215.1104692221.11_803
KX148216.1104692227.11,802 -> KX148216.1104692227.11_802
KX148217.1104692233.11,804 -> KX148217.1104692233.11_804
KX708499.1234128801.11,794 -> KX708499.1234128801.11_794
KX708500.1234128807.11,794 -> KX708500.1234128807.11_794
KX708501.1234128813.11,794 -> KX708501.1234128813.11_794
KX708502.1234128819.11,793 -> KX708502.1234128819.11_793
KX708503.1234128825.11,793 -> KX708503.1234128825.11_793
KX708504.1234128831.11,798 -> KX708504.1234128831.11_798
KY210220.1280466957.11,914 -> KY210220.1280466957.11_914
KY210221.1280466963.11,912 -> KY210221.1280466963.11_912
KY210222.1280466969.11,923 -> KY210222.1280466969.11_923
KY210223.1280466975.11,914 -> KY210223.1280466975.11_914
KY210224.1280466981.11,923 -> KY210224.1280466981.11_923
KY210225.1280466987.11,923 -> KY210225.1280466987.11_923
KY210226.1280466993.11,920 -> KY210226.1280466993.11_920
KY210227.1280466999.11,914 -> KY210227.1280466999.11_914
KY210228.1280467005.11,856 -> KY210228.1280467005.11_856
KY210229.1280467011.11,923 -> KY210229.1280467011.11_923
KY210230.1280467017.11,923 -> KY210230.1280467017.11_923
KY210231.1280467023.11,923 -> KY210231.1280467023.11_923
KY210232.1280467029.11,923 -> KY210232.1280467029.11_923
KY210233.1280467035.11,923 -> KY210233.1280467035.11_923
KY210234.1280467041.11,914 -> KY210234.1280467041.11_914
KY210235.1280467047.11,923 -> KY210235.1280467047.11_923
KY210236.1280467053.11,914 -> KY210236.1280467053.11_914
KY210237.1280467059.11,920 -> KY210237.1280467059.11_920
KY210238.1280467065.11,923 -> KY210238.1280467065.11_923
KY210239.1280467071.11,923 -> KY210239.1280467071.11_923
KY210240.1280467077.11,884 -> KY210240.1280467077.11_884
KY210241.1280467083.11,905 -> KY210241.1280467083.11_905
KY210242.1280467089.11,923 -> KY210242.1280467089.11_923
KY210243.1280467095.11,914 -> KY210243.1280467095.11_914
KY210244.1280467101.11,858 -> KY210244.1280467101.11_858
KY210245.1280467107.11,923 -> KY210245.1280467107.11_923
KY210246.1280467113.11,923 -> KY210246.1280467113.11_923
KY210247.1280467119.11,923 -> KY210247.1280467119.11_923
KY210248.1280467125.11,923 -> KY210248.1280467125.11_923
KY210249.1280467131.11,923 -> KY210249.1280467131.11_923
KY210250.1280467137.11,920 -> KY210250.1280467137.11_920
KY210251.1280467143.11,923 -> KY210251.1280467143.11_923
KY210252.1280467149.11,923 -> KY210252.1280467149.11_923
KY210253.1280467155.11,923 -> KY210253.1280467155.11_923
KY210254.1280467161.11,922 -> KY210254.1280467161.11_922
KY210255.1280467167.11,923 -> KY210255.1280467167.11_923
KY210256.1280467173.11,923 -> KY210256.1280467173.11_923
KY210257.1280467179.11,923 -> KY210257.1280467179.11_923
KY210258.1280467185.11,922 -> KY210258.1280467185.11_922
KY210259.1280467191.11,920 -> KY210259.1280467191.11_920
KY210260.1280467197.11,897 -> KY210260.1280467197.11_897
KY210261.1280467203.11,923 -> KY210261.1280467203.11_923
KY210262.1280467209.11,923 -> KY210262.1280467209.11_923
KY210263.1280467215.11,923 -> KY210263.1280467215.11_923
KY210264.1280467221.11,923 -> KY210264.1280467221.11_923
KY210265.1280467227.11,923 -> KY210265.1280467227.11_923
KY210266.1280467233.11,923 -> KY210266.1280467233.11_923
KY210267.1280467239.11,923 -> KY210267.1280467239.11_923
KY210268.1280467245.11,923 -> KY210268.1280467245.11_923
KY210269.1280467251.11,923 -> KY210269.1280467251.11_923
KY210270.1280467257.11,923 -> KY210270.1280467257.11_923
KY210271.1280467263.11,923 -> KY210271.1280467263.11_923
KY210272.1280467269.11,923 -> KY210272.1280467269.11_923
KY210273.1280467275.11,923 -> KY210273.1280467275.11_923
KY210274.1280467281.11,923 -> KY210274.1280467281.11_923
KY210275.1280467287.11,914 -> KY210275.1280467287.11_914
KY210276.1280467293.11,923 -> KY210276.1280467293.11_923
KY210277.1280467299.11,923 -> KY210277.1280467299.11_923
KY210278.1280467305.11,920 -> KY210278.1280467305.11_920
KY210279.1280467311.11,903 -> KY210279.1280467311.11_903
KY210280.1280467317.11,923 -> KY210280.1280467317.11_923
KY210281.1280467323.11,923 -> KY210281.1280467323.11_923
KY210282.1280467329.11,869 -> KY210282.1280467329.11_869
KY210283.1280467335.11,923 -> KY210283.1280467335.11_923
KY210284.1280467341.11,914 -> KY210284.1280467341.11_914
KY210285.1280467347.11,923 -> KY210285.1280467347.11_923
KY210286.1280467353.11,922 -> KY210286.1280467353.11_922
KY210287.1280467359.11,873 -> KY210287.1280467359.11_873
KY210288.1280467365.11,922 -> KY210288.1280467365.11_922
KY210289.1280467371.11,920 -> KY210289.1280467371.11_920
KY210290.1280467377.11,920 -> KY210290.1280467377.11_920
KY210291.1280467383.11,923 -> KY210291.1280467383.11_923
KY210292.1280467389.11,923 -> KY210292.1280467389.11_923
KY210293.1280467395.11,915 -> KY210293.1280467395.11_915
KY210294.1280467401.11,920 -> KY210294.1280467401.11_920
KY210295.1280467407.11,923 -> KY210295.1280467407.11_923
KY210296.1280467413.11,923 -> KY210296.1280467413.11_923
KY210297.1280467419.11,923 -> KY210297.1280467419.11_923
KY210298.1280467425.11,920 -> KY210298.1280467425.11_920
KY210299.1280467431.11,914 -> KY210299.1280467431.11_914
KY210300.1280467437.11,923 -> KY210300.1280467437.11_923
KY210301.1280467443.11,923 -> KY210301.1280467443.11_923
KY210302.1280467449.11,920 -> KY210302.1280467449.11_920
KY210303.1280467455.11,923 -> KY210303.1280467455.11_923
KY210304.1280467461.11,923 -> KY210304.1280467461.11_923
KY210305.1280467467.11,923 -> KY210305.1280467467.11_923
KY210306.1280467473.11,923 -> KY210306.1280467473.11_923
KY210307.1280467479.11,923 -> KY210307.1280467479.11_923
KY210308.1280467485.11,875 -> KY210308.1280467485.11_875
KY210309.1280467491.11,906 -> KY210309.1280467491.11_906
KY210310.1280467497.11,891 -> KY210310.1280467497.11_891
KY210311.1280467503.11,919 -> KY210311.1280467503.11_919
KY649620.1338184805.11,884 -> KY649620.1338184805.11_884
KY765901.1187526346.11,922 -> KY765901.1187526346.11_922
KY860583.1335008392.11,923 -> KY860583.1335008392.11_923
KY860584.1335008398.11,924 -> KY860584.1335008398.11_924
KY860585.1335008404.11,923 -> KY860585.1335008404.11_923
KY860586.1335008410.11,923 -> KY860586.1335008410.11_923
KY860587.1335008416.11,923 -> KY860587.1335008416.11_923
KY860588.1335008422.11,924 -> KY860588.1335008422.11_924
KY860589.1335008428.11,924 -> KY860589.1335008428.11_924
KY860590.1335008434.11,923 -> KY860590.1335008434.11_923
KY860591.1335008440.11,924 -> KY860591.1335008440.11_924
KY860592.1335008446.11,924 -> KY860592.1335008446.11_924
KY860593.1335008452.11,924 -> KY860593.1335008452.11_924
KY860594.1335008458.11,924 -> KY860594.1335008458.11_924
KY860595.1335008464.11,923 -> KY860595.1335008464.11_923
KY860596.1335008470.11,924 -> KY860596.1335008470.11_924
KY860597.1335008476.11,924 -> KY860597.1335008476.11_924
KY860598.1335008482.11,924 -> KY860598.1335008482.11_924
KY860599.1335008488.11,924 -> KY860599.1335008488.11_924
KY860600.1335008494.11,925 -> KY860600.1335008494.11_925
KY860601.1335008500.11,925 -> KY860601.1335008500.11_925
KY860602.1335008506.11,924 -> KY860602.1335008506.11_924
KY860603.1335008512.11,923 -> KY860603.1335008512.11_923
KY860604.1335008518.11,923 -> KY860604.1335008518.11_923
KY860605.1335008524.11,923 -> KY860605.1335008524.11_923
KY860606.1335008530.11,923 -> KY860606.1335008530.11_923
KY860607.1335008536.11,923 -> KY860607.1335008536.11_923
KY860608.1335008542.11,923 -> KY860608.1335008542.11_923
KY860609.1335008548.11,923 -> KY860609.1335008548.11_923
KY860610.1335008554.11,923 -> KY860610.1335008554.11_923
KY860611.1335008560.11,923 -> KY860611.1335008560.11_923
KY860612.1335008566.11,923 -> KY860612.1335008566.11_923
LC029889.806392312.11,923 -> LC029889.806392312.11_923
LC325820.1343294199.11,927 -> LC325820.1343294199.11_927
LN879480.1134018951.11,923 -> LN879480.1134018951.11_923
LN879481.1021311511.11,922 -> LN879481.1021311511.11_922
LT839616.1209183123.11,927 -> LT839616.1209183123.11_927
LT909526.1336499750.11,923 -> LT909526.1336499750.11_923
LT909528.1336499762.11,923 -> LT909528.1336499762.11_923
LT909529.1336499768.11,927 -> LT909529.1336499768.11_927
LT909530.1336499774.11,925 -> LT909530.1336499774.11_925
LT909531.1336499780.11,930 -> LT909531.1336499780.11_930
LT909532.1336499786.11,923 -> LT909532.1336499786.11_923
LT909533.1336499792.11,923 -> LT909533.1336499792.11_923
LT909534.1336499798.11,923 -> LT909534.1336499798.11_923
LT909535.1336499804.11,927 -> LT909535.1336499804.11_927
LT909536.1336499810.11,923 -> LT909536.1336499810.11_923
LT909537.1336499816.11,923 -> LT909537.1336499816.11_923
LT909538.1336499822.11,923 -> LT909538.1336499822.11_923
LT909540.1336499834.11,923 -> LT909540.1336499834.11_923
LT909542.1336499846.11,931 -> LT909542.1336499846.11_931
LT909543.1336499852.11,925 -> LT909543.1336499852.11_925
LT909544.1336499858.11,924 -> LT909544.1336499858.11_924
LT909546.1336499870.11,926 -> LT909546.1336499870.11_926
LT909547.1336499876.11,923 -> LT909547.1336499876.11_923
LT909551.1336499900.11,927 -> LT909551.1336499900.11_927
MF172976.1339936539.11,838 -> MF172976.1339936539.11_838
MF197741.1388787957.11,802 -> MF197741.1388787957.11_802
MF197742.1388787963.11,802 -> MF197742.1388787963.11_802
MF197743.1388787969.11,801 -> MF197743.1388787969.11_801
MG458306.1335008590.11,924 -> MG458306.1335008590.11_924
MG458309.1335008608.11,923 -> MG458309.1335008608.11_923
MG458310.1335008614.11,923 -> MG458310.1335008614.11_923
MG458311.1335008620.11,923 -> MG458311.1335008620.11_923
MG458312.1335008626.11,923 -> MG458312.1335008626.11_923
MG458315.1335008644.11,923 -> MG458315.1335008644.11_923
MG458316.1335008650.11,923 -> MG458316.1335008650.11_923
MG458317.1335008656.11,923 -> MG458317.1335008656.11_923
MG458318.1335008662.11,918 -> MG458318.1335008662.11_918
MG458319.1335008668.11,925 -> MG458319.1335008668.11_925
MH267792.1391909976.11,884 -> MH267792.1391909976.11_884
MK760667.1751384427.11,722 -> MK760667.1751384427.11_722
MK760668.1751384433.11,722 -> MK760668.1751384433.11_722
MK760669.1751384439.11,722 -> MK760669.1751384439.11_722
MK760670.1751384445.11,722 -> MK760670.1751384445.11_722
MK760671.1751384451.11,722 -> MK760671.1751384451.11_722
MK760672.1751384457.11,723 -> MK760672.1751384457.11_723
MK760673.1751384463.11,722 -> MK760673.1751384463.11_722
MK760674.1751384469.11,722 -> MK760674.1751384469.11_722
MK760675.1751384475.11,722 -> MK760675.1751384475.11_722
MK760676.1751384481.11,722 -> MK760676.1751384481.11_722
MK760677.1751384487.11,722 -> MK760677.1751384487.11_722
MK760678.1751384493.11,722 -> MK760678.1751384493.11_722
MK760679.1751384499.11,722 -> MK760679.1751384499.11_722
MK760680.1751384505.11,722 -> MK760680.1751384505.11_722
MK760681.1751384511.11,722 -> MK760681.1751384511.11_722
MK760682.1751384517.11,722 -> MK760682.1751384517.11_722
MK760683.1751384523.11,722 -> MK760683.1751384523.11_722
MK760684.1751384529.11,722 -> MK760684.1751384529.11_722
MK760685.1751384535.11,721 -> MK760685.1751384535.11_721
MK760686.1751384541.11,722 -> MK760686.1751384541.11_722
MK760687.1751384547.11,722 -> MK760687.1751384547.11_722
MK760688.1751384553.11,722 -> MK760688.1751384553.11_722
MK760689.1751384559.11,722 -> MK760689.1751384559.11_722
MK760690.1751384565.11,722 -> MK760690.1751384565.11_722
MK760691.1751384571.11,722 -> MK760691.1751384571.11_722
MK760692.1751384577.11,722 -> MK760692.1751384577.11_722
MK760693.1751384583.11,722 -> MK760693.1751384583.11_722
MK760694.1751384589.11,722 -> MK760694.1751384589.11_722
MK760695.1751384595.11,722 -> MK760695.1751384595.11_722
MK760696.1751384601.11,722 -> MK760696.1751384601.11_722
MK760697.1751384607.11,722 -> MK760697.1751384607.11_722
MK760698.1751384613.11,722 -> MK760698.1751384613.11_722
MK760699.1751384619.11,722 -> MK760699.1751384619.11_722
MK760700.1751384625.11,722 -> MK760700.1751384625.11_722
MK760701.1751384631.11,722 -> MK760701.1751384631.11_722
MK760703.1751384643.11,722 -> MK760703.1751384643.11_722
MK760704.1751384649.11,722 -> MK760704.1751384649.11_722
MK760705.1751384655.11,722 -> MK760705.1751384655.11_722
MK760706.1751384661.11,722 -> MK760706.1751384661.11_722
MK760707.1751384667.11,722 -> MK760707.1751384667.11_722
MK760708.1751384673.11,722 -> MK760708.1751384673.11_722
MK760709.1751384679.11,722 -> MK760709.1751384679.11_722
MK760710.1751384685.11,722 -> MK760710.1751384685.11_722
MK760711.1751384691.11,723 -> MK760711.1751384691.11_723
MK760712.1751384697.11,722 -> MK760712.1751384697.11_722
MK760713.1751384703.11,722 -> MK760713.1751384703.11_722
MK760714.1751384709.11,722 -> MK760714.1751384709.11_722
MK760715.1751384715.11,723 -> MK760715.1751384715.11_723
MK760716.1751384721.11,723 -> MK760716.1751384721.11_723
MK760717.1751384727.11,722 -> MK760717.1751384727.11_722
MK760718.1751384733.11,722 -> MK760718.1751384733.11_722
MK760719.1751384739.11,722 -> MK760719.1751384739.11_722
MK760720.1751384745.11,722 -> MK760720.1751384745.11_722
MK760721.1751384751.11,722 -> MK760721.1751384751.11_722
MK760722.1751384757.11,723 -> MK760722.1751384757.11_723
MK760723.1751384763.11,722 -> MK760723.1751384763.11_722
MK760724.1751384769.11,722 -> MK760724.1751384769.11_722
MK760725.1751384775.11,722 -> MK760725.1751384775.11_722
MK760726.1751384781.11,722 -> MK760726.1751384781.11_722
MK760727.1751384787.11,722 -> MK760727.1751384787.11_722
MK760728.1751384793.11,722 -> MK760728.1751384793.11_722
MK760730.1751384805.11,722 -> MK760730.1751384805.11_722
MK760731.1751384811.11,723 -> MK760731.1751384811.11_723
MK760732.1751384817.11,723 -> MK760732.1751384817.11_723
MK760733.1751384823.11,722 -> MK760733.1751384823.11_722
MK760734.1751384829.11,722 -> MK760734.1751384829.11_722
MK760736.1751384841.11,722 -> MK760736.1751384841.11_722
MK760737.1751384847.11,722 -> MK760737.1751384847.11_722
MK760738.1751384853.11,722 -> MK760738.1751384853.11_722
MK760739.1751384859.11,723 -> MK760739.1751384859.11_723
MK760740.1751384865.11,722 -> MK760740.1751384865.11_722
MK760741.1751384871.11,722 -> MK760741.1751384871.11_722
MK760742.1751384877.11,722 -> MK760742.1751384877.11_722
MK760743.1751384883.11,722 -> MK760743.1751384883.11_722
MK760744.1751384889.11,722 -> MK760744.1751384889.11_722
MK760745.1751384895.11,722 -> MK760745.1751384895.11_722
MK760746.1751384901.11,723 -> MK760746.1751384901.11_723
MK760747.1751384907.11,722 -> MK760747.1751384907.11_722
MK760748.1751384913.11,722 -> MK760748.1751384913.11_722
MK760749.1751384919.11,722 -> MK760749.1751384919.11_722
MK760750.1751384925.11,722 -> MK760750.1751384925.11_722
MK760751.1751384931.11,722 -> MK760751.1751384931.11_722
MK760752.1751384937.11,722 -> MK760752.1751384937.11_722
MK760753.1751384943.11,722 -> MK760753.1751384943.11_722
MK760754.1751384949.11,723 -> MK760754.1751384949.11_723
MK760755.1751384955.11,722 -> MK760755.1751384955.11_722
MK760756.1751384961.11,722 -> MK760756.1751384961.11_722
MK760757.1751384967.11,722 -> MK760757.1751384967.11_722
MK760758.1751384973.11,722 -> MK760758.1751384973.11_722
MK760759.1751384979.11,723 -> MK760759.1751384979.11_723
MK760760.1751384985.11,722 -> MK760760.1751384985.11_722
MK760762.1751384997.11,722 -> MK760762.1751384997.11_722
MK760763.1751385003.11,722 -> MK760763.1751385003.11_722
MK760764.1751385009.11,722 -> MK760764.1751385009.11_722
MK760765.1751385015.11,722 -> MK760765.1751385015.11_722
MK760766.1751385021.11,722 -> MK760766.1751385021.11_722
MK760767.1751385027.11,722 -> MK760767.1751385027.11_722
MK760768.1751385033.11,722 -> MK760768.1751385033.11_722
MK760769.1751385039.11,723 -> MK760769.1751385039.11_723
MK760770.1751385045.11,725 -> MK760770.1751385045.11_725
MK981888.1693310585.11,796 -> MK981888.1693310585.11_796
MN726802.1786521611.11,552 -> MN726802.1786521611.11_552
MN726803.1786521617.11,274 -> MN726803.1786521617.11_274
MN726804.1786521623.11,923 -> MN726804.1786521623.11_923
MN726805.1786521629.11,846 -> MN726805.1786521629.11_846
MN726806.1786521635.10,847 -> MN726806.1786521635.10_847
MN726807.1786521641.11,462 -> MN726807.1786521641.11_462
MN726808.1786521647.11,806 -> MN726808.1786521647.11_806
MN726809.1786521653.11,545 -> MN726809.1786521653.11_545
MN726810.1786521659.11,589 -> MN726810.1786521659.11_589
MN726811.1786521665.11,341 -> MN726811.1786521665.11_341
MN726812.1786521671.11,847 -> MN726812.1786521671.11_847
MN726813.1786521677.10,357 -> MN726813.1786521677.10_357
MN726814.1786521683.11,846 -> MN726814.1786521683.11_846
MN726815.1786521689.11,869 -> MN726815.1786521689.11_869
MN726816.1786521695.11,598 -> MN726816.1786521695.11_598
MN726817.1786521701.11,633 -> MN726817.1786521701.11_633
MN726818.1786521707.11,869 -> MN726818.1786521707.11_869
MN726819.1786521713.11,846 -> MN726819.1786521713.11_846
MN726820.1786521719.11,819 -> MN726820.1786521719.11_819
MN726821.1786521725.11,598 -> MN726821.1786521725.11_598
MN726822.1786521731.11,341 -> MN726822.1786521731.11_341
MN726823.1786521737.11,341 -> MN726823.1786521737.11_341
MN726824.1786521743.11,632 -> MN726824.1786521743.11_632
MN726825.1786521749.11,732 -> MN726825.1786521749.11_732
MN726826.1786521755.11,868 -> MN726826.1786521755.11_868
MN726827.1786521761.11,869 -> MN726827.1786521761.11_869
MN726828.1786521767.11,127 -> MN726828.1786521767.11_127
MN726829.1786521773.11,517 -> MN726829.1786521773.11_517
MN726830.1786521779.11,846 -> MN726830.1786521779.11_846
MN726831.1786521785.11,846 -> MN726831.1786521785.11_846
MN726832.1786521791.11,341 -> MN726832.1786521791.11_341
MN726833.1786521797.11,821 -> MN726833.1786521797.11_821
MN726834.1786521803.10,835 -> MN726834.1786521803.10_835
MN726835.1786521808.11,559 -> MN726835.1786521808.11_559

                            Gap/Ambiguity  Composition  p-value
   1  AB009663.8648084.11_926       0.96%    passed     88.47%
   2  AB044824.8648068.11_926       0.96%    passed     89.85%
   3  AB085828.27530021.11_615      3.55%    passed     91.86%
   4  AB128149.39652602.11_926      0.96%    passed     86.41%
   5  AB362483.260063801.11_924     0.98%    passed     99.57%
   6  AB517659.374428439.11_923     0.99%    passed     90.61%
   7  AB517660.374428445.11_925     0.97%    passed     97.91%
   8  AB645847.372558285.11_923     0.99%    passed     99.17%
   9  AB839169.527317319.10_015    16.83%    passed     73.17%
  10  AB839170.527317324.11_634     3.39%    passed     87.27%
  11  DQ099524.70724979.11_711      2.75%    passed     97.27%
  12  DQ099525.70724985.11_723      2.65%    passed     94.02%
  13  DQ875050.113883018.11_869     1.44%    passed     82.05%
  14  DQ875051.113883024.11_863     1.49%    passed     88.64%
  15  EF542830.156103623.11_932     0.91%    passed     74.57%
  16  EU293115.167507566.11_923     0.99%    passed     98.35%
  17  FJ577895.221047213.11_924     0.98%    passed     95.79%
  18  GQ412744.304420663.11_925     0.97%    passed     85.30%
  19  GQ918139.299542131.11_927     0.95%    passed     88.71%
  20  GU565703.291220674.11_925     0.97%    passed     95.82%
  21  GU565704.291220680.11_925     0.97%    passed     93.33%
  22  HM535790.312843846.11_927     0.95%    passed     87.94%
  23  HQ450386.315666554.11_924     0.98%    passed     98.08%
  24  HQ891318.341868856.11_927     0.95%    passed     95.78%
  25  JN234411.359374294.11_925     0.97%    passed     95.53%
  26  JQ685894.393801415.11_923     0.99%    passed     97.97%
  27  JQ685899.393801439.11_930     0.93%    passed     96.61%
  28  JQ685943.393801625.11_925     0.97%    passed     91.08%
  29  JQ685944.393801631.11_925     0.97%    passed     96.72%
  30  JQ685967.393801757.11_923     0.99%    passed     98.88%
  31  JQ685970.393801775.11_923     0.99%    passed     99.85%
  32  JQ944704.394333120.11_923     0.99%    passed     51.63%
  33  JQ944705.394333126.11_923     0.99%    passed     89.20%
  34  JQ944706.394333132.11_923     0.99%    passed     94.11%
  35  JQ944708.394333144.11_914     1.06%    passed     97.04%
  36  JQ944709.394333150.11_927     0.95%    passed     88.55%
  37  JX473838.409034468.11_923     0.99%    passed     99.80%
  38  JX473839.409034474.11_923     0.99%    passed     99.71%
  39  JX473840.409034480.11_923     0.99%    passed     99.59%
  40  JX473841.409034486.11_923     0.99%    passed     99.66%
  41  KC252633.544069712.11_917     1.04%    passed     76.28%
  42  KC595280.469569381.11_796     2.04%    passed     93.18%
  43  KC595281.469569387.11_799     2.02%    passed     96.13%
  44  KC595282.469569393.11_798     2.03%    passed     94.62%
  45  KC595283.469569399.11_798     2.03%    passed     89.01%
  46  KC737850.511774883.11_925     0.97%    passed     95.51%
  47  KF154997.522695420.11_923     0.99%    passed     75.54%
  48  KF154998.522695426.11_924     0.98%    passed     99.55%
  49  KF155000.522695438.11_923     0.99%    passed     98.32%
  50  KF155001.522695444.11_926     0.96%    passed     95.33%
  51  KF155002.522695450.11_923     0.99%    passed     99.66%
  52  KM016899.689434095.11_923     0.99%    passed     89.39%
  53  KM198893.698175401.11_932     0.91%    passed     72.15%
  54  KM594039.855582647.11_881     1.34%    passed     94.32%
  55  KP723638.762024742.11_926     0.96%    passed     98.25%
  56  KP997032.924878578.11_873     1.40%    passed     90.23%
  57  KR534217.1095897014.11_923    0.99%    passed     97.47%
  58  KR534218.1095897020.11_923    0.99%    passed     97.44%
  59  KR534219.1095897026.11_923    0.99%    passed     99.51%
  60  KR534220.1095897032.11_923    0.99%    passed     97.44%
  61  KR534228.1095897038.11_914    1.06%    passed     99.61%
  62  KR534229.1095897044.11_849    1.60%    passed     99.14%
  63  KR534230.1095897050.11_885    1.32%    passed     97.74%
  64  KR534231.1095897056.11_884    1.32%    passed     99.05%
  65  KR534232.1095897062.11_923    1.00%    passed     99.75%
  66  KR534233.1095897068.11_923    0.99%    passed     99.89%
  67  KR534234.1095897074.11_923    0.99%    passed     99.41%
  68  KR534235.1095897080.11_923    0.99%    passed     95.75%
  69  KR534236.1095897086.11_923    0.99%    passed     96.01%
  70  KR534237.1095897092.11_923    0.99%    passed     96.01%
  71  KR534238.1095897098.11_867    1.46%    passed     98.94%
  72  KR534244.1095897104.11_914    1.06%    passed     98.26%
  73  KR534245.1095897110.11_923    0.99%    passed     98.08%
  74  KR534246.1095897116.11_923    0.99%    passed     98.08%
  75  KR534247.1095897122.11_923    0.99%    passed     99.02%
  76  KR534248.1095897128.11_923    0.99%    passed     98.39%
  77  KR534249.1095897134.11_917    1.04%    passed     98.67%
  78  KR534250.1095897140.11_923    0.99%    passed     96.21%
  79  KR534251.1095897146.11_923    0.99%    passed     99.63%
  80  KR534252.1095897152.11_923    0.99%    passed     99.41%
  81  KR534253.1095897158.11_922    1.00%    passed     96.77%
  82  KR534254.1095897164.11_923    0.99%    passed     98.98%
  83  KR534256.1095897170.11_921    1.00%    passed     96.70%
  84  KR906734.1016870457.11_923    0.99%    passed     99.54%
  85  KR906735.1016870463.11_903    1.16%    passed     92.59%
  86  KR906736.1016870469.11_923    0.99%    passed     91.41%
  87  KR906737.1016870475.11_920    1.03%    passed     97.82%
  88  KR906738.1016870481.11_923    0.99%    passed     98.12%
  89  KR906739.1016870487.11_923    0.99%    passed     99.98%
  90  KR906740.1016870493.11_914    1.11%    passed     99.76%
  91  KR906741.1016870499.11_923    0.99%    passed     97.34%
  92  KR906742.1016870505.11_923    0.99%    passed     99.90%
  93  KR906743.1016870511.11_914    1.08%    passed     99.42%
  94  KR906744.1016870517.11_914    1.06%    passed     99.98%
  95  KR906745.1016870523.11_914    1.07%    passed     97.31%
  96  KR906746.1016870529.11_875    1.40%    passed     97.58%
  97  KR906747.1016870535.11_923    0.99%    passed     96.67%
  98  KR906748.1016870541.11_923    0.99%    passed     98.32%
  99  KR906749.1016870547.11_878    1.36%    passed     97.11%
 100  KR906750.1016870553.11_854    1.56%    passed     98.95%
 101  KR906751.1016870559.11_915    1.06%    passed     96.08%
 102  KR906752.1016870565.11_923    0.99%    passed     98.32%
 103  KR906753.1016870571.11_922    1.00%    passed     96.20%
 104  KR906754.1016870577.11_865    1.47%    passed     99.59%
 105  KR906755.1016870583.11_923    0.99%    passed     98.15%
 106  KR906756.1016870589.11_923    1.00%    passed     99.70%
 107  KR906757.1016870595.11_890    1.35%    passed     99.32%
 108  KR906758.1016870601.11_825    1.92%    passed     98.52%
 109  KR906759.1016870607.11_829    2.72%    passed     98.82%
 110  KR906760.1016870613.11_920    1.01%    passed     99.89%
 111  KR906761.1016870619.11_845    3.09%    passed     99.55%
 112  KR906762.1016870625.11_914    1.06%    passed     99.29%
 113  KR906763.1016870631.11_920    1.01%    passed     83.06%
 114  KR906764.1016870637.11_914    1.06%    passed     86.94%
 115  KR906765.1016870643.11_923    0.99%    passed     86.27%
 116  KR906766.1016870649.11_914    1.07%    passed     89.40%
 117  KR906767.1016870655.11_914    1.06%    passed     98.74%
 118  KR906768.1016870661.11_878    1.36%    passed     99.54%
 119  KR906769.1016870667.11_923    1.06%    passed     98.53%
 120  KR906770.1016870673.11_914    1.08%    passed     99.10%
 121  KR906771.1016870679.11_923    0.99%    passed     97.91%
 122  KR906772.1016870685.11_923    1.00%    passed     99.90%
 123  KR906773.1016870691.11_923    0.99%    passed     96.56%
 124  KR906774.1016870697.11_921    1.00%    passed     99.66%
 125  KR906775.1016870703.11_854    2.60%    passed     98.39%
 126  KR906776.1016870709.11_923    0.99%    passed     98.94%
 127  KR906777.1016870715.11_923    0.99%    passed     98.76%
 128  KR906778.1016870721.11_914    1.06%    passed     95.21%
 129  KR906779.1016870727.11_920    1.02%    passed     99.00%
 130  KR906780.1016870733.11_920    1.01%    passed     97.37%
 131  KR906781.1016870739.11_923    0.99%    passed     97.60%
 132  KR906782.1016870745.11_919    1.02%    passed     99.24%
 133  KR906783.1016870751.11_923    1.17%    passed     98.53%
 134  KR906784.1016870757.11_923    0.99%    passed     98.48%
 135  KR906785.1016870763.11_922    1.00%    passed     99.83%
 136  KR906786.1016870769.11_923    1.10%    passed     97.69%
 137  KR906787.1016870775.11_923    0.99%    passed     97.96%
 138  KR906788.1016870781.11_919    1.03%    passed     96.00%
 139  KR906789.1016870787.11_923    0.99%    passed     99.36%
 140  KR906790.1016870793.11_923    0.99%    passed     99.76%
 141  KR906791.1016870799.11_874    8.29%    passed     98.14%
 142  KR906792.1016870805.11_923    1.00%    passed     95.25%
 143  KT006769.1240180963.11_922    1.00%    passed     98.56%
 144  KT336432.916354816.11_923     0.99%    passed     99.58%
 145  KT336433.916354822.11_923     0.99%    passed     92.39%
 146  KT336434.916354828.11_923     0.99%    passed     95.78%
 147  KT336435.916354834.11_923     0.99%    passed     87.92%
 148  KT336436.916354840.11_923     0.99%    passed     97.41%
 149  KT336437.916354846.11_923     0.99%    passed     91.80%
 150  KT728348.949175594.11_873     1.40%    passed     86.65%
 151  KT728349.949175600.11_873     1.40%    passed     91.49%
 152  KX148101.1104691537.11_923    0.99%    passed     98.88%
 153  KX148102.1104691543.11_922    1.00%    passed     92.49%
 154  KX148103.1104691549.11_922    1.00%    passed     97.98%
 155  KX148104.1104691555.11_923    0.99%    passed     99.56%
 156  KX148110.1104691591.11_802    1.99%    passed     94.84%
 157  KX148111.1104691597.11_802    1.99%    passed     94.28%
 158  KX148112.1104691603.11_802    1.99%    passed     95.63%
 159  KX148113.1104691609.11_802    1.99%    passed     93.37%
 160  KX148114.1104691615.11_802    1.99%    passed     91.16%
 161  KX148115.1104691621.11_802    1.99%    passed     87.97%
 162  KX148116.1104691627.11_802    1.99%    passed     85.29%
 163  KX148117.1104691633.11_802    1.99%    passed     89.88%
 164  KX148118.1104691639.11_803    1.98%    passed     93.54%
 165  KX148119.1104691645.11_800    2.01%    passed     95.59%
 166  KX148120.1104691651.11_800    2.01%    passed     93.13%
 167  KX148121.1104691657.11_800    2.01%    passed     94.82%
 168  KX148122.1104691663.11_801    2.00%    passed     89.07%
 169  KX148123.1104691669.11_801    2.00%    passed     89.07%
 170  KX148124.1104691675.11_801    2.00%    passed     86.98%
 171  KX148125.1104691681.11_801    2.00%    passed     86.54%
 172  KX148126.1104691687.11_801    2.00%    passed     84.06%
 173  KX148127.1104691693.11_801    2.00%    passed     97.00%
 174  KX148128.1104691699.11_801    2.00%    passed     98.89%
 175  KX148129.1104691705.11_801    2.00%    passed     97.26%
 176  KX148130.1104691711.11_801    2.00%    passed     97.27%
 177  KX148131.1104691717.11_801    2.00%    passed     96.63%
 178  KX148132.1104691723.11_801    2.00%    passed     97.16%
 179  KX148133.1104691729.11_801    2.00%    passed     97.32%
 180  KX148134.1104691735.11_801    2.00%    passed     96.17%
 181  KX148135.1104691741.11_801    2.00%    passed     94.47%
 182  KX148136.1104691747.11_800    2.01%    passed     89.48%
 183  KX148137.1104691753.11_800    2.01%    passed     75.66%
 184  KX148138.1104691759.11_801    2.00%    passed     90.19%
 185  KX148139.1104691765.11_800    2.01%    passed     90.33%
 186  KX148140.1104691771.11_801    2.00%    passed     82.95%
 187  KX148141.1104691777.11_801    2.00%    passed     92.15%
 188  KX148142.1104691783.11_801    2.00%    passed     97.03%
 189  KX148143.1104691789.11_802    1.99%    passed     88.81%
 190  KX148144.1104691795.11_801    2.00%    passed     74.54%
 191  KX148145.1104691801.11_801    2.00%    passed     75.73%
 192  KX148146.1104691807.11_801    2.00%    passed     86.20%
 193  KX148147.1104691813.11_801    2.00%    passed     86.20%
 194  KX148148.1104691819.11_801    2.00%    passed     83.04%
 195  KX148149.1104691825.11_801    2.00%    passed     82.57%
 196  KX148150.1104691831.11_801    2.00%    passed     86.50%
 197  KX148151.1104691837.11_801    2.00%    passed     74.24%
 198  KX148152.1104691843.11_802    1.99%    passed     87.50%
 199  KX148153.1104691849.11_801    2.00%    passed     86.47%
 200  KX148154.1104691855.11_801    2.00%    passed     87.16%
 201  KX148155.1104691861.11_801    2.00%    passed     87.24%
 202  KX148156.1104691867.11_802    1.99%    passed     85.16%
 203  KX148157.1104691873.11_801    2.00%    passed     89.48%
 204  KX148158.1104691879.11_801    2.00%    passed     91.54%
 205  KX148159.1104691885.11_801    2.00%    passed     87.19%
 206  KX148160.1104691891.11_801    2.00%    passed     99.18%
 207  KX148161.1104691897.11_801    2.00%    passed     94.85%
 208  KX148162.1104691903.11_801    2.00%    passed     83.28%
 209  KX148163.1104691909.11_801    2.00%    passed     83.48%
 210  KX148164.1104691915.11_801    2.00%    passed     80.62%
 211  KX148165.1104691921.11_802    1.99%    passed     83.31%
 212  KX148166.1104691927.11_801    2.00%    passed     85.92%
 213  KX148167.1104691933.11_801    2.00%    passed     85.29%
 214  KX148168.1104691939.11_801    2.00%    passed     98.80%
 215  KX148169.1104691945.11_801    2.00%    passed     99.31%
 216  KX148170.1104691951.11_801    2.00%    passed     99.61%
 217  KX148171.1104691957.11_801    2.00%    passed     98.89%
 218  KX148172.1104691963.11_801    2.00%    passed     97.05%
 219  KX148173.1104691969.11_801    2.00%    passed     99.59%
 220  KX148174.1104691975.11_801    2.00%    passed     99.70%
 221  KX148175.1104691981.11_801    2.00%    passed     99.68%
 222  KX148176.1104691987.11_801    2.00%    passed     99.52%
 223  KX148177.1104691993.11_801    2.00%    passed     97.13%
 224  KX148178.1104691999.11_801    2.00%    passed     96.73%
 225  KX148179.1104692005.11_801    2.00%    passed     98.78%
 226  KX148180.1104692011.11_801    2.00%    passed     97.91%
 227  KX148181.1104692017.11_801    2.00%    passed     99.84%
 228  KX148182.1104692023.11_801    2.00%    passed     99.76%
 229  KX148183.1104692029.11_801    2.00%    passed     98.96%
 230  KX148184.1104692035.11_801    2.00%    passed     99.83%
 231  KX148185.1104692041.11_801    2.00%    passed     95.51%
 232  KX148186.1104692047.11_801    2.00%    passed     99.86%
 233  KX148187.1104692053.11_801    2.00%    passed     99.96%
 234  KX148188.1104692059.11_801    2.00%    passed     99.49%
 235  KX148189.1104692065.11_801    2.00%    passed     99.24%
 236  KX148190.1104692071.11_801    2.00%    passed     99.71%
 237  KX148191.1104692077.11_802    1.99%    passed     97.75%
 238  KX148192.1104692083.11_802    1.99%    passed     99.02%
 239  KX148193.1104692089.11_805    1.97%    passed     97.54%
 240  KX148194.1104692095.11_805    1.97%    passed     99.52%
 241  KX148195.1104692101.11_804    1.98%    passed     94.67%
 242  KX148196.1104692107.11_804    1.98%    passed     95.98%
 243  KX148197.1104692113.11_804    1.98%    passed     95.04%
 244  KX148198.1104692119.11_804    1.98%    passed     99.25%
 245  KX148199.1104692125.11_804    1.98%    passed     99.59%
 246  KX148200.1104692131.11_807    1.95%    passed     99.95%
 247  KX148201.1104692137.11_805    1.97%    passed     96.64%
 248  KX148202.1104692143.11_804    1.98%    passed     97.44%
 249  KX148203.1104692149.11_801    2.00%    passed     92.33%
 250  KX148204.1104692155.11_800    2.01%    passed     92.78%
 251  KX148205.1104692161.11_801    2.00%    passed     98.30%
 252  KX148206.1104692167.11_801    2.00%    passed     98.00%
 253  KX148207.1104692173.11_801    2.00%    passed     98.35%
 254  KX148208.1104692179.11_802    1.99%    passed     99.75%
 255  KX148209.1104692185.11_801    2.00%    passed     94.23%
 256  KX148210.1104692191.11_801    2.00%    passed     91.56%
 257  KX148211.1104692197.11_801    2.00%    passed     96.11%
 258  KX148212.1104692203.11_802    1.99%    passed     99.94%
 259  KX148213.1104692209.11_801    2.00%    passed     99.90%
 260  KX148214.1104692215.11_803    1.98%    passed     80.77%
 261  KX148215.1104692221.11_803    1.98%    passed     81.30%
 262  KX148216.1104692227.11_802    1.99%    passed     85.36%
 263  KX148217.1104692233.11_804    1.98%    passed     86.59%
 264  KX708499.1234128801.11_794    2.06%    passed     98.15%
 265  KX708500.1234128807.11_794    2.06%    passed     98.13%
 266  KX708501.1234128813.11_794    2.06%    passed     98.49%
 267  KX708502.1234128819.11_793    2.07%    passed     97.58%
 268  KX708503.1234128825.11_793    2.07%    passed     95.41%
 269  KX708504.1234128831.11_798    2.03%    passed     98.82%
 270  KY210220.1280466957.11_914    1.06%    passed     96.91%
 271  KY210221.1280466963.11_912    2.33%    passed     99.70%
 272  KY210222.1280466969.11_923    0.99%    passed     97.47%
 273  KY210223.1280466975.11_914    1.06%    passed     98.98%
 274  KY210224.1280466981.11_923    0.99%    passed     95.75%
 275  KY210225.1280466987.11_923    0.99%    passed     98.66%
 276  KY210226.1280466993.11_920    1.04%    passed     95.45%
 277  KY210227.1280466999.11_914    1.06%    passed     98.85%
 278  KY210228.1280467005.11_856    3.24%    passed     99.80%
 279  KY210229.1280467011.11_923    0.99%    passed     99.10%
 280  KY210230.1280467017.11_923    0.99%    passed     95.75%
 281  KY210231.1280467023.11_923    0.99%    passed     98.66%
 282  KY210232.1280467029.11_923    0.99%    passed     98.39%
 283  KY210233.1280467035.11_923    0.99%    passed     99.12%
 284  KY210234.1280467041.11_914    1.13%    passed     97.74%
 285  KY210235.1280467047.11_923    0.99%    passed     98.39%
 286  KY210236.1280467053.11_914    1.06%    passed     95.63%
 287  KY210237.1280467059.11_920    1.01%    passed     99.22%
 288  KY210238.1280467065.11_923    0.99%    passed     99.02%
 289  KY210239.1280467071.11_923    0.99%    passed     98.28%
 290  KY210240.1280467077.11_884    1.32%    passed     97.81%
 291  KY210241.1280467083.11_905    1.14%    passed     98.54%
 292  KY210242.1280467089.11_923    1.03%    passed     98.25%
 293  KY210243.1280467095.11_914    1.06%    passed     98.26%
 294  KY210244.1280467101.11_858    1.53%    passed     93.50%
 295  KY210245.1280467107.11_923    0.99%    passed     99.74%
 296  KY210246.1280467113.11_923    0.99%    passed     99.24%
 297  KY210247.1280467119.11_923    0.99%    passed     98.42%
 298  KY210248.1280467125.11_923    0.99%    passed     97.33%
 299  KY210249.1280467131.11_923    1.00%    passed     97.90%
 300  KY210250.1280467137.11_920    1.01%    passed     98.25%
 301  KY210251.1280467143.11_923    0.99%    passed     98.28%
 302  KY210252.1280467149.11_923    0.99%    passed     99.78%
 303  KY210253.1280467155.11_923    0.99%    passed     99.73%
 304  KY210254.1280467161.11_922    1.00%    passed     99.69%
 305  KY210255.1280467167.11_923    0.99%    passed     99.73%
 306  KY210256.1280467173.11_923    0.99%    passed     99.73%
 307  KY210257.1280467179.11_923    1.00%    passed     99.49%
 308  KY210258.1280467185.11_922    1.00%    passed     98.13%
 309  KY210259.1280467191.11_920    1.01%    passed     99.28%
 310  KY210260.1280467197.11_897    1.26%    passed     98.99%
 311  KY210261.1280467203.11_923    0.99%    passed     99.12%
 312  KY210262.1280467209.11_923    0.99%    passed     97.30%
 313  KY210263.1280467215.11_923    1.00%    passed     99.58%
 314  KY210264.1280467221.11_923    0.99%    passed     99.43%
 315  KY210265.1280467227.11_923    0.99%    passed     96.24%
 316  KY210266.1280467233.11_923    0.99%    passed     99.68%
 317  KY210267.1280467239.11_923    0.99%    passed     99.62%
 318  KY210268.1280467245.11_923    0.99%    passed     95.24%
 319  KY210269.1280467251.11_923    0.99%    passed     99.58%
 320  KY210270.1280467257.11_923    1.00%    passed     99.57%
 321  KY210271.1280467263.11_923    0.99%    passed     97.81%
 322  KY210272.1280467269.11_923    0.99%    passed     98.89%
 323  KY210273.1280467275.11_923    0.99%    passed     96.01%
 324  KY210274.1280467281.11_923    0.99%    passed     99.51%
 325  KY210275.1280467287.11_914    2.62%    passed     99.44%
 326  KY210276.1280467293.11_923    1.00%    passed     95.89%
 327  KY210277.1280467299.11_923    0.99%    passed     99.12%
 328  KY210278.1280467305.11_920    1.01%    passed     96.07%
 329  KY210279.1280467311.11_903    1.40%    passed     98.32%
 330  KY210280.1280467317.11_923    1.05%    passed     99.50%
 331  KY210281.1280467323.11_923    0.99%    passed     99.63%
 332  KY210282.1280467329.11_869    1.44%    passed     98.05%
 333  KY210283.1280467335.11_923    0.99%    passed     99.01%
 334  KY210284.1280467341.11_914    1.20%    passed     99.45%
 335  KY210285.1280467347.11_923    0.99%    passed     99.72%
 336  KY210286.1280467353.11_922    1.00%    passed     97.34%
 337  KY210287.1280467359.11_873    1.50%    passed     98.09%
 338  KY210288.1280467365.11_922    1.00%    passed     97.40%
 339  KY210289.1280467371.11_920    1.01%    passed     98.54%
 340  KY210290.1280467377.11_920    1.01%    passed     98.85%
 341  KY210291.1280467383.11_923    0.99%    passed     98.90%
 342  KY210292.1280467389.11_923    0.99%    passed     98.73%
 343  KY210293.1280467395.11_915    1.05%    passed     98.38%
 344  KY210294.1280467401.11_920    1.02%    passed     98.27%
 345  KY210295.1280467407.11_923    0.99%    passed     97.41%
 346  KY210296.1280467413.11_923    0.99%    passed     97.41%
 347  KY210297.1280467419.11_923    0.99%    passed     94.83%
 348  KY210298.1280467425.11_920    1.01%    passed     94.68%
 349  KY210299.1280467431.11_914    1.07%    passed     98.07%
 350  KY210300.1280467437.11_923    0.99%    passed     97.96%
 351  KY210301.1280467443.11_923    0.99%    passed     98.81%
 352  KY210302.1280467449.11_920    1.01%    passed     98.71%
 353  KY210303.1280467455.11_923    0.99%    passed     96.76%
 354  KY210304.1280467461.11_923    1.00%    passed     98.53%
 355  KY210305.1280467467.11_923    0.99%    passed     94.94%
 356  KY210306.1280467473.11_923    1.00%    passed     99.66%
 357  KY210307.1280467479.11_923    0.99%    passed     98.18%
 358  KY210308.1280467485.11_875    1.40%    passed     98.04%
 359  KY210309.1280467491.11_906    1.13%    passed     98.55%
 360  KY210310.1280467497.11_891    1.27%    passed     98.39%
 361  KY210311.1280467503.11_919    1.02%    passed     99.67%
 362  KY649620.1338184805.11_884    1.31%    passed     84.45%
 363  KY765901.1187526346.11_922    1.00%    passed     83.82%
 364  KY860583.1335008392.11_923    0.99%    passed     92.91%
 365  KY860584.1335008398.11_924    0.98%    passed     92.78%
 366  KY860585.1335008404.11_923    0.99%    passed     89.96%
 367  KY860586.1335008410.11_923    0.99%    passed     94.00%
 368  KY860587.1335008416.11_923    0.99%    passed     95.10%
 369  KY860588.1335008422.11_924    0.98%    passed     91.86%
 370  KY860589.1335008428.11_924    0.98%    passed     93.64%
 371  KY860590.1335008434.11_923    0.99%    passed     92.84%
 372  KY860591.1335008440.11_924    0.98%    passed     94.96%
 373  KY860592.1335008446.11_924    0.98%    passed     88.72%
 374  KY860593.1335008452.11_924    0.98%    passed     94.99%
 375  KY860594.1335008458.11_924    0.98%    passed     98.10%
 376  KY860595.1335008464.11_923    0.99%    passed     88.78%
 377  KY860596.1335008470.11_924    0.98%    passed     97.85%
 378  KY860597.1335008476.11_924    0.98%    passed     96.67%
 379  KY860598.1335008482.11_924    0.98%    passed     98.67%
 380  KY860599.1335008488.11_924    0.98%    passed     98.42%
 381  KY860600.1335008494.11_925    0.97%    passed     98.35%
 382  KY860601.1335008500.11_925    0.97%    passed     98.78%
 383  KY860602.1335008506.11_924    0.98%    passed     98.55%
 384  KY860603.1335008512.11_923    0.99%    passed     84.67%
 385  KY860604.1335008518.11_923    0.99%    passed     98.45%
 386  KY860605.1335008524.11_923    0.99%    passed     98.92%
 387  KY860606.1335008530.11_923    0.99%    passed     96.08%
 388  KY860607.1335008536.11_923    0.99%    passed     90.27%
 389  KY860608.1335008542.11_923    0.99%    passed     88.86%
 390  KY860609.1335008548.11_923    0.99%    passed     79.79%
 391  KY860610.1335008554.11_923    0.99%    passed     97.61%
 392  KY860611.1335008560.11_923    0.99%    passed     94.72%
 393  KY860612.1335008566.11_923    0.99%    passed     83.71%
 394  LC029889.806392312.11_923     0.99%    passed     99.75%
 395  LC325820.1343294199.11_927    0.95%    passed     87.97%
 396  LN879480.1134018951.11_923    0.99%    passed     74.20%
 397  LN879481.1021311511.11_922    1.00%    passed     97.10%
 398  LT839616.1209183123.11_927    0.95%    passed     93.90%
 399  LT909526.1336499750.11_923    0.99%    passed     99.24%
 400  LT909528.1336499762.11_923    0.99%    passed     97.48%
 401  LT909529.1336499768.11_927    0.95%    passed     87.90%
 402  LT909530.1336499774.11_925    0.97%    passed     98.47%
 403  LT909531.1336499780.11_930    0.93%    passed     94.29%
 404  LT909532.1336499786.11_923    0.99%    passed     77.97%
 405  LT909533.1336499792.11_923    0.99%    passed     95.54%
 406  LT909534.1336499798.11_923    0.99%    passed     99.45%
 407  LT909535.1336499804.11_927    0.95%    passed     88.27%
 408  LT909536.1336499810.11_923    0.99%    passed     99.24%
 409  LT909537.1336499816.11_923    0.99%    passed     65.24%
 410  LT909538.1336499822.11_923    0.99%    passed     73.35%
 411  LT909540.1336499834.11_923    0.99%    passed     95.54%
 412  LT909542.1336499846.11_931    0.92%    passed     87.14%
 413  LT909543.1336499852.11_925    0.97%    passed     98.39%
 414  LT909544.1336499858.11_924    0.98%    passed     88.00%
 415  LT909546.1336499870.11_926    0.96%    passed     96.49%
 416  LT909547.1336499876.11_923    0.99%    passed     92.73%
 417  LT909551.1336499900.11_927    0.95%    passed     99.99%
 418  MF172976.1339936539.11_838    1.69%    passed     86.49%
 419  MF197741.1388787957.11_802    1.99%    passed     91.72%
 420  MF197742.1388787963.11_802    1.99%    passed     80.41%
 421  MF197743.1388787969.11_801    2.00%    passed     80.46%
 422  MG458306.1335008590.11_924    0.98%    passed     92.43%
 423  MG458309.1335008608.11_923    0.99%    passed     99.56%
 424  MG458310.1335008614.11_923    0.99%    passed     99.32%
 425  MG458311.1335008620.11_923    0.99%    passed     85.84%
 426  MG458312.1335008626.11_923    0.99%    passed     89.66%
 427  MG458315.1335008644.11_923    0.99%    passed     99.35%
 428  MG458316.1335008650.11_923    0.99%    passed     99.73%
 429  MG458317.1335008656.11_923    0.99%    passed     99.51%
 430  MG458318.1335008662.11_918    1.03%    passed     95.21%
 431  MG458319.1335008668.11_925    0.97%    passed     97.69%
 432  MH267792.1391909976.11_884    1.31%    passed     90.26%
 433  MK760667.1751384427.11_722    2.66%    passed     95.09%
 434  MK760668.1751384433.11_722    2.66%    passed     94.83%
 435  MK760669.1751384439.11_722    2.66%    passed     99.34%
 436  MK760670.1751384445.11_722    2.66%    passed     96.44%
 437  MK760671.1751384451.11_722    2.66%    passed     96.76%
 438  MK760672.1751384457.11_723    2.65%    passed     97.95%
 439  MK760673.1751384463.11_722    2.66%    passed     92.63%
 440  MK760674.1751384469.11_722    2.66%    passed     99.54%
 441  MK760675.1751384475.11_722    2.66%    passed     99.80%
 442  MK760676.1751384481.11_722    2.66%    passed     99.71%
 443  MK760677.1751384487.11_722    2.66%    passed     99.03%
 444  MK760678.1751384493.11_722    2.66%    passed     96.95%
 445  MK760679.1751384499.11_722    2.66%    passed     99.79%
 446  MK760680.1751384505.11_722    2.66%    passed     97.99%
 447  MK760681.1751384511.11_722    2.66%    passed     94.10%
 448  MK760682.1751384517.11_722    2.66%    passed     99.73%
 449  MK760683.1751384523.11_722    2.66%    passed     94.36%
 450  MK760684.1751384529.11_722    2.66%    passed     99.82%
 451  MK760685.1751384535.11_721    2.67%    passed     97.73%
 452  MK760686.1751384541.11_722    2.66%    passed     99.12%
 453  MK760687.1751384547.11_722    2.66%    passed     98.73%
 454  MK760688.1751384553.11_722    2.66%    passed     96.43%
 455  MK760689.1751384559.11_722    2.66%    passed     94.76%
 456  MK760690.1751384565.11_722    2.66%    passed     99.88%
 457  MK760691.1751384571.11_722    2.66%    passed     99.52%
 458  MK760692.1751384577.11_722    2.66%    passed     96.44%
 459  MK760693.1751384583.11_722    2.66%    passed     99.90%
 460  MK760694.1751384589.11_722    2.66%    passed     97.14%
 461  MK760695.1751384595.11_722    2.66%    passed     93.34%
 462  MK760696.1751384601.11_722    2.66%    passed     94.62%
 463  MK760697.1751384607.11_722    2.66%    passed     92.44%
 464  MK760698.1751384613.11_722    2.66%    passed     97.99%
 465  MK760699.1751384619.11_722    2.66%    passed     95.29%
 466  MK760700.1751384625.11_722    2.66%    passed     91.30%
 467  MK760701.1751384631.11_722    2.66%    passed     96.51%
 468  MK760703.1751384643.11_722    2.66%    passed     98.90%
 469  MK760704.1751384649.11_722    2.66%    passed     95.96%
 470  MK760705.1751384655.11_722    2.66%    passed     96.83%
 471  MK760706.1751384661.11_722    2.66%    passed     91.52%
 472  MK760707.1751384667.11_722    2.66%    passed     79.53%
 473  MK760708.1751384673.11_722    2.66%    passed     95.76%
 474  MK760709.1751384679.11_722    2.66%    passed     95.98%
 475  MK760710.1751384685.11_722    2.66%    passed     87.49%
 476  MK760711.1751384691.11_723    2.65%    passed     92.87%
 477  MK760712.1751384697.11_722    2.66%    passed     83.34%
 478  MK760713.1751384703.11_722    2.66%    passed     99.63%
 479  MK760714.1751384709.11_722    2.66%    passed     95.05%
 480  MK760715.1751384715.11_723    2.65%    passed     94.09%
 481  MK760716.1751384721.11_723    2.65%    passed     97.75%
 482  MK760717.1751384727.11_722    2.66%    passed     93.61%
 483  MK760718.1751384733.11_722    2.66%    passed     94.63%
 484  MK760719.1751384739.11_722    2.66%    passed     98.43%
 485  MK760720.1751384745.11_722    2.66%    passed     95.01%
 486  MK760721.1751384751.11_722    2.66%    passed     98.36%
 487  MK760722.1751384757.11_723    2.65%    passed     93.37%
 488  MK760723.1751384763.11_722    2.66%    passed     86.22%
 489  MK760724.1751384769.11_722    2.66%    passed     98.07%
 490  MK760725.1751384775.11_722    2.66%    passed     98.43%
 491  MK760726.1751384781.11_722    2.66%    passed     97.98%
 492  MK760727.1751384787.11_722    2.66%    passed     94.77%
 493  MK760728.1751384793.11_722    2.66%    passed     95.92%
 494  MK760730.1751384805.11_722    2.66%    passed     93.52%
 495  MK760731.1751384811.11_723    2.65%    passed     87.09%
 496  MK760732.1751384817.11_723    2.65%    passed     98.07%
 497  MK760733.1751384823.11_722    2.66%    passed     99.63%
 498  MK760734.1751384829.11_722    2.66%    passed     81.37%
 499  MK760736.1751384841.11_722    2.66%    passed     98.07%
 500  MK760737.1751384847.11_722    2.66%    passed     97.87%
 501  MK760738.1751384853.11_722    2.66%    passed     93.87%
 502  MK760739.1751384859.11_723    2.65%    passed     93.96%
 503  MK760740.1751384865.11_722    2.66%    passed     96.43%
 504  MK760741.1751384871.11_722    2.66%    passed     96.29%
 505  MK760742.1751384877.11_722    2.66%    passed     92.53%
 506  MK760743.1751384883.11_722    2.66%    passed     93.53%
 507  MK760744.1751384889.11_722    2.66%    passed     91.98%
 508  MK760745.1751384895.11_722    2.66%    passed     96.34%
 509  MK760746.1751384901.11_723    2.65%    passed     92.36%
 510  MK760747.1751384907.11_722    2.66%    passed     99.79%
 511  MK760748.1751384913.11_722    2.66%    passed     99.90%
 512  MK760749.1751384919.11_722    2.66%    passed     99.39%
 513  MK760750.1751384925.11_722    2.66%    passed     96.67%
 514  MK760751.1751384931.11_722    2.66%    passed     99.54%
 515  MK760752.1751384937.11_722    2.66%    passed     98.52%
 516  MK760753.1751384943.11_722    2.66%    passed     88.55%
 517  MK760754.1751384949.11_723    2.65%    passed     94.62%
 518  MK760755.1751384955.11_722    2.66%    passed     90.68%
 519  MK760756.1751384961.11_722    2.66%    passed     99.80%
 520  MK760757.1751384967.11_722    2.66%    passed     99.87%
 521  MK760758.1751384973.11_722    2.66%    passed     96.78%
 522  MK760759.1751384979.11_723    2.65%    passed     98.14%
 523  MK760760.1751384985.11_722    2.66%    passed     99.81%
 524  MK760762.1751384997.11_722    2.66%    passed     98.70%
 525  MK760763.1751385003.11_722    2.66%    passed     97.99%
 526  MK760764.1751385009.11_722    2.66%    passed     94.34%
 527  MK760765.1751385015.11_722    2.66%    passed     99.03%
 528  MK760766.1751385021.11_722    2.66%    passed     99.81%
 529  MK760767.1751385027.11_722    2.66%    passed     95.72%
 530  MK760768.1751385033.11_722    2.66%    passed     99.48%
 531  MK760769.1751385039.11_723    2.65%    passed     99.04%
 532  MK760770.1751385045.11_725    2.63%    passed     99.52%
 533  MK981888.1693310585.11_796    2.04%    passed     94.55%
 534  MN726802.1786521611.11_552   12.24%    passed     82.65%
 535  MN726803.1786521617.11_274   30.35%    passed     82.32%
 536  MN726804.1786521623.11_923    0.99%    passed     99.77%
 537  MN726805.1786521629.11_846    1.66%    passed     95.62%
 538  MN726806.1786521635.10_847   24.66%    passed     65.41%
 539  MN726807.1786521641.11_462   16.70%    passed     83.84%
 540  MN726808.1786521647.11_806    2.20%    passed     99.32%
 541  MN726809.1786521653.11_545   13.39%    passed     80.76%
 542  MN726810.1786521659.11_589    9.41%    passed     85.18%
 543  MN726811.1786521665.11_341   22.78%    passed     91.18%
 544  MN726812.1786521671.11_847    1.69%    passed     96.85%
 545  MN726813.1786521677.10_357   39.89%    passed     43.84%
 546  MN726814.1786521683.11_846    1.68%    passed     97.50%
 547  MN726815.1786521689.11_869    1.70%    passed     96.57%
 548  MN726816.1786521695.11_598    5.00%    passed     95.76%
 549  MN726817.1786521701.11_633    6.13%    passed     85.51%
 550  MN726818.1786521707.11_869    1.62%    passed     94.32%
 551  MN726819.1786521713.11_846    4.29%    passed     84.15%
 552  MN726820.1786521719.11_819    2.01%    passed     93.99%
 553  MN726821.1786521725.11_598    7.59%    passed     93.74%
 554  MN726822.1786521731.11_341   21.13%    passed     83.95%
 555  MN726823.1786521737.11_341   14.78%    passed     91.98%
 556  MN726824.1786521743.11_632    4.77%    passed     97.50%
 557  MN726825.1786521749.11_732    2.85%    passed     94.93%
 558  MN726826.1786521755.11_868    2.11%    passed     99.81%
 559  MN726827.1786521761.11_869    3.87%    passed     96.15%
 560  MN726828.1786521767.11_127   16.65%    passed     54.26%
 561  MN726829.1786521773.11_517   15.06%    passed     77.85%
 562  MN726830.1786521779.11_846    1.69%    passed     95.93%
 563  MN726831.1786521785.11_846    1.70%    passed     95.37%
 564  MN726832.1786521791.11_341   17.56%    passed     88.20%
 565  MN726833.1786521797.11_821    6.08%    passed     98.07%
 566  MN726834.1786521803.10_835   51.00%    passed     93.03%
 567  MN726835.1786521808.11_559    8.07%    passed     96.98%
WARNING: 1 sequences contain more than 50% gaps/ambiguity
****  TOTAL                         2.20%  0 sequences failed composition chi2 test (p-value<5%; df=3)
NOTE: KY210222.1280466969.11_923 is identical to KR534217.1095897014.11_923 but kept for subsequent analysis
NOTE: KR534220.1095897032.11_923 is identical to KR534218.1095897020.11_923 but kept for subsequent analysis
NOTE: KR534237.1095897092.11_923 is identical to KR534236.1095897086.11_923 but kept for subsequent analysis
NOTE: KR534246.1095897116.11_923 is identical to KR534245.1095897110.11_923 but kept for subsequent analysis
NOTE: KY210238.1280467065.11_923 is identical to KR534247.1095897122.11_923 but kept for subsequent analysis
NOTE: KY210232.1280467029.11_923 is identical to KR534248.1095897128.11_923 but kept for subsequent analysis
NOTE: KY210281.1280467323.11_923 is identical to KR534251.1095897146.11_923 but kept for subsequent analysis
NOTE: KR906752.1016870565.11_923 is identical to KR906748.1016870541.11_923 but kept for subsequent analysis
NOTE: KY210300.1280467437.11_923 is identical to KR906787.1016870775.11_923 but kept for subsequent analysis
NOTE: MG458309.1335008608.11_923 is identical to KX148104.1104691555.11_923 but kept for subsequent analysis
NOTE: KY210255.1280467167.11_923 is identical to KY210253.1280467155.11_923 but kept for subsequent analysis
NOTE: KY210296.1280467413.11_923 is identical to KY210295.1280467407.11_923 but kept for subsequent analysis
NOTE: LT909540.1336499834.11_923 is identical to LT909533.1336499792.11_923 but kept for subsequent analysis
NOTE: 2 identical sequences (see below) will be ignored for subsequent analysis
NOTE: KY210235.1280467047.11_923 (identical to KR534248.1095897128.11_923) is ignored but added at the end
NOTE: KY210256.1280467173.11_923 (identical to KY210253.1280467155.11_923) is ignored but added at the end
Alignment was printed to /Users/kathryncampbell/Documents/GitHub/Lineages/220720_GLUE_CosmoSeqs_align.fasta.uniqueseq.phy

For your convenience alignment with unique sequences printed to /Users/kathryncampbell/Documents/GitHub/Lineages/220720_GLUE_CosmoSeqs_align.fasta.uniqueseq.phy

Create initial parsimony tree by phylogenetic likelihood library (PLL)... 0.622 seconds
Generating 1000 samples for ultrafast bootstrap (seed: 403495)...

NOTE: 522 MB RAM (0 GB) is required!
Estimate model parameters (epsilon = 0.100)
Thoroughly optimizing +I+G parameters from 10 start values...
Init pinv, alpha: 0.000, 1.000 / Estimate: 0.000, 0.359 / LogL: -222534.599
Init pinv, alpha: 0.054, 1.000 / Estimate: 0.433, 1.592 / LogL: -221872.403
Init pinv, alpha: 0.107, 1.000 / Estimate: 0.433, 1.593 / LogL: -221872.467
Init pinv, alpha: 0.161, 1.000 / Estimate: 0.433, 1.591 / LogL: -221872.500
Init pinv, alpha: 0.214, 1.000 / Estimate: 0.433, 1.592 / LogL: -221872.575
Init pinv, alpha: 0.268, 1.000 / Estimate: 0.433, 1.591 / LogL: -221872.687
Init pinv, alpha: 0.321, 1.000 / Estimate: 0.433, 1.591 / LogL: -221872.799
Init pinv, alpha: 0.375, 1.000 / Estimate: 0.433, 1.592 / LogL: -221872.923
Init pinv, alpha: 0.428, 1.000 / Estimate: 0.433, 1.591 / LogL: -221873.088
Init pinv, alpha: 0.482, 1.000 / Estimate: 0.434, 1.604 / LogL: -221873.231
Optimal pinv,alpha: 0.433, 1.592 / LogL: -221872.403

Parameters optimization took 984.729 sec
Computing ML distances based on estimated model parameters... 24.270 sec
Computing BIONJ tree...
0.253 seconds
Log-likelihood of BIONJ tree: -222669.208
--------------------------------------------------------------------
|             INITIALIZING CANDIDATE TREE SET                      |
--------------------------------------------------------------------
Generating 98 parsimony trees... 50.484 second
Computing log-likelihood of 98 initial trees ... 70.369 seconds
Current best score: -221854.994

Do NNI search on 20 best initial trees
Estimate model parameters (epsilon = 0.100)
BETTER TREE FOUND at iteration 1: -221816.439
Estimate model parameters (epsilon = 0.100)
BETTER TREE FOUND at iteration 6: -221816.244
Iteration 10 / LogL: -221843.295 / Time: 0h:22m:30s
Iteration 20 / LogL: -221839.097 / Time: 0h:25m:43s
Finish initializing candidate tree set (20)
Current best tree score: -221816.244 / CPU time: 528.299
Number of iterations: 20
--------------------------------------------------------------------
|               OPTIMIZING CANDIDATE TREE SET                      |
--------------------------------------------------------------------
Estimate model parameters (epsilon = 0.100)
BETTER TREE FOUND at iteration 21: -221807.976
Iteration 30 / LogL: -221821.225 / Time: 0h:29m:36s (1h:32m:53s left)
Iteration 40 / LogL: -221819.139 / Time: 0h:33m:28s (1h:9m:30s left)
Iteration 50 / LogL: -221826.366 / Time: 0h:37m:13s (0h:53m:54s left)
Log-likelihood cutoff on original alignment: -221907.037
Iteration 60 / LogL: -221811.822 / Time: 0h:41m:18s (0h:42m:41s left)
Estimate model parameters (epsilon = 0.100)
BETTER TREE FOUND at iteration 62: -221807.908
Iteration 70 / LogL: -221821.576 / Time: 0h:45m:6s (1h:0m:8s left)
BETTER TREE FOUND at iteration 76: -221807.906
Estimate model parameters (epsilon = 0.100)
BETTER TREE FOUND at iteration 77: -221807.328
Iteration 80 / LogL: -221818.255 / Time: 0h:49m:1s (1h:0m:11s left)
Estimate model parameters (epsilon = 0.100)
BETTER TREE FOUND at iteration 90: -221806.658
Iteration 90 / LogL: -221806.658 / Time: 0h:52m:54s (0h:59m:26s left)
Iteration 100 / LogL: -221850.735 / Time: 0h:56m:45s (0h:51m:35s left)
Log-likelihood cutoff on original alignment: -221898.088
NOTE: Bootstrap correlation coefficient of split occurrence frequencies: 0.996
Iteration 110 / LogL: -221813.541 / Time: 1h:0m:36s (0h:50m:2s left)
Estimate model parameters (epsilon = 0.100)
BETTER TREE FOUND at iteration 113: -221803.409
Iteration 120 / LogL: -221803.524 / Time: 1h:4m:29s (0h:50m:23s left)
Iteration 130 / LogL: -221902.275 / Time: 1h:8m:4s (0h:43m:47s left)
Iteration 140 / LogL: -221805.339 / Time: 1h:13m:8s (0h:38m:24s left)
Iteration 150 / LogL: -221815.859 / Time: 1h:17m:8s (0h:32m:36s left)
Log-likelihood cutoff on original alignment: -221898.088
Iteration 160 / LogL: -221803.795 / Time: 1h:21m:5s (0h:27m:1s left)
Iteration 170 / LogL: -221804.777 / Time: 1h:24m:56s (0h:21m:36s left)
Iteration 180 / LogL: -221819.647 / Time: 1h:28m:42s (0h:16m:21s left)
Iteration 190 / LogL: -221812.166 / Time: 1h:53m:39s (0h:13m:49s left)
Iteration 200 / LogL: -221803.975 / Time: 1h:57m:37s (0h:7m:40s left)
Log-likelihood cutoff on original alignment: -221898.088
NOTE: Bootstrap correlation coefficient of split occurrence frequencies: 0.999
Iteration 210 / LogL: -221821.665 / Time: 2h:1m:46s (0h:52m:25s left)
TREE SEARCH COMPLETED AFTER 214 ITERATIONS / Time: 2h:3m:29s

--------------------------------------------------------------------
|                    FINALIZING TREE SEARCH                        |
--------------------------------------------------------------------
Performs final model parameters optimization
Estimate model parameters (epsilon = 0.010)
1. Initial log-likelihood: -221803.409
Optimal log-likelihood: -221803.407
Rate parameters:  A-C: 1.33707  A-G: 7.99845  A-T: 0.46253  C-G: 0.15652  C-T: 9.80782  G-T: 1.00000
Base frequencies:  A: 0.284  C: 0.221  G: 0.233  T: 0.262
Proportion of invariable sites: 0.434
Gamma shape alpha: 1.603
Parameters optimization took 1 rounds (5.511 sec)
BEST SCORE FOUND : -221803.407
Creating bootstrap support values...
Split supports printed to NEXUS file /Users/kathryncampbell/Documents/GitHub/Lineages/220720_GLUE_CosmoSeqs_align.fasta.splits.nex
Total tree length: 3.193

Total number of iterations: 214
CPU time used for tree search: 5010.879 sec (1h:23m:30s)
Wall-clock time used for tree search: 6393.860 sec (1h:46m:33s)
Total CPU time used: 6031.730 sec (1h:40m:31s)
Total wall-clock time used: 7417.218 sec (2h:3m:37s)

Computing bootstrap consensus tree...
Reading input file /Users/kathryncampbell/Documents/GitHub/Lineages/220720_GLUE_CosmoSeqs_align.fasta.splits.nex...
565 taxa and 2783 splits.
Consensus tree written to /Users/kathryncampbell/Documents/GitHub/Lineages/220720_GLUE_CosmoSeqs_align.fasta.contree
Reading input trees file /Users/kathryncampbell/Documents/GitHub/Lineages/220720_GLUE_CosmoSeqs_align.fasta.contree
Log-likelihood of consensus tree: -221804.950

Analysis results written to: 
  IQ-TREE report:                /Users/kathryncampbell/Documents/GitHub/Lineages/220720_GLUE_CosmoSeqs_align.fasta.iqtree
  Maximum-likelihood tree:       /Users/kathryncampbell/Documents/GitHub/Lineages/220720_GLUE_CosmoSeqs_align.fasta.treefile
  Likelihood distances:          /Users/kathryncampbell/Documents/GitHub/Lineages/220720_GLUE_CosmoSeqs_align.fasta.mldist

Ultrafast bootstrap approximation results written to:
  Split support values:          /Users/kathryncampbell/Documents/GitHub/Lineages/220720_GLUE_CosmoSeqs_align.fasta.splits.nex
  Consensus tree:                /Users/kathryncampbell/Documents/GitHub/Lineages/220720_GLUE_CosmoSeqs_align.fasta.contree
  Screen log file:               /Users/kathryncampbell/Documents/GitHub/Lineages/220720_GLUE_CosmoSeqs_align.fasta.log

Date and Time: Wed Jul 22 18:25:05 2020
