IQ-TREE multicore version 2.0.3 for Mac OS X 64-bit built Dec 19 2020
Developed by Bui Quang Minh, Nguyen Lam Tung, Olga Chernomor,
Heiko Schmidt, Dominik Schrempf, Michael Woodhams.

Host:    Kathryns-MBP (AVX512, FMA3, 32 GB RAM)
Command: iqtree -s Tanz_N/Alignment/Tanz_N_aligned.fasta -B 1000
Seed:    886763 (Using SPRNG - Scalable Parallel Random Number Generator)
Time:    Sun Feb 14 23:46:51 2021
Kernel:  AVX+FMA - 1 threads (8 CPU cores detected)

HINT: Use -nt option to specify number of threads because your CPU has 8 cores!
HINT: -nt AUTO will automatically determine the best number of threads to use.

Reading alignment file Tanz_N/Alignment/Tanz_N_aligned.fasta ... Fasta format detected
Alignment most likely contains DNA/RNA sequences
Alignment has 205 sequences with 1353 columns, 262 distinct patterns
153 parsimony-informative, 36 singleton sites, 1164 constant sites
          Gap/Ambiguity  Composition  p-value
   1  KF155002    0.00%    passed     99.05%
   2  KR534217    0.00%    passed     99.69%
   3  KR534218    0.00%    passed     99.73%
   4  KR534219    0.00%    passed     94.91%
   5  KR534220    0.00%    passed     99.73%
   6  KR534228    0.00%    passed     94.20%
   7  KR534229    0.00%    passed     99.82%
   8  KR534230    0.00%    passed     99.83%
   9  KR534231    0.00%    passed     94.20%
  10  KR534232    0.00%    passed     99.51%
  11  KR534233    0.00%    passed     99.79%
  12  KR534234    0.00%    passed     94.20%
  13  KR534235    0.00%    passed     97.57%
  14  KR534236    0.00%    passed     97.57%
  15  KR534237    0.00%    passed     97.57%
  16  KR534238    0.00%    passed     91.97%
  17  KR534244    0.00%    passed     99.71%
  18  KR534245    0.00%    passed     99.71%
  19  KR534246    0.00%    passed     99.71%
  20  KR534247    0.00%    passed     99.71%
  21  KR534248    0.00%    passed     99.71%
  22  KR534249    0.00%    passed     99.71%
  23  KR534250    0.00%    passed     98.60%
  24  KR534251    0.00%    passed     95.20%
  25  KR534252    0.00%    passed     98.94%
  26  KR534253    0.00%    passed     99.90%
  27  KR534254    0.00%    passed     99.71%
  28  KR534256    0.00%    passed     97.57%
  29  KR906734    0.00%    passed     94.91%
  30  KR906735    0.00%    passed     99.32%
  31  KR906736    0.00%    passed     99.69%
  32  KR906737    0.07%    passed     99.78%
  33  KR906738    0.00%    passed     99.71%
  34  KR906739    0.00%    passed     99.01%
  35  KR906740    0.00%    passed     99.58%
  36  KR906741    0.00%    passed     99.99%
  37  KR906742    0.00%    passed     98.91%
  38  KR906743    0.00%    passed     94.20%
  39  KR906744    0.00%    passed     98.35%
  40  KR906745    0.00%    passed     99.96%
  41  KR906746    0.00%    passed     98.40%
  42  KR906747    0.00%    passed     99.16%
  43  KR906748    0.00%    passed     90.89%
  44  KR906749    0.00%    passed     99.99%
  45  KR906750    0.00%    passed     98.91%
  46  KR906751    0.00%    passed     98.31%
  47  KR906752    0.00%    passed     90.89%
  48  KR906753    0.00%    passed     99.99%
  49  KR906754    0.00%    passed     98.91%
  50  KR906755    0.00%    passed     99.71%
  51  KR906756    0.00%    passed     99.51%
  52  KR906757    0.00%    passed     98.31%
  53  KR906758    1.55%    passed     99.82%
  54  KR906759    0.00%    passed     91.94%
  55  KR906760    0.00%    passed     99.79%
  56  KR906761    0.22%    passed    100.00%
  57  KR906762    0.00%    passed     99.40%
  58  KR906763    0.00%    passed     99.71%
  59  KR906764    0.00%    passed     98.72%
  60  KR906765    0.00%    passed     98.72%
  61  KR906766    0.00%    passed     99.47%
  62  KR906767    0.00%    passed     99.96%
  63  KR906768    0.00%    passed     98.91%
  64  KR906769    0.07%    passed     96.55%
  65  KR906770    0.00%    passed     98.10%
  66  KR906771    0.00%    passed     99.71%
  67  KR906772    0.00%    passed     99.79%
  68  KR906773    0.00%    passed     99.69%
  69  KR906774    0.00%    passed     95.20%
  70  KR906775    0.67%    passed     99.86%
  71  KR906776    0.00%    passed     98.10%
  72  KR906777    0.00%    passed     98.10%
  73  KR906778    0.00%    passed     99.69%
  74  KR906779    0.07%    passed     98.54%
  75  KR906780    0.00%    passed     99.69%
  76  KR906781    0.00%    passed     99.57%
  77  KR906782    0.00%    passed     99.71%
  78  KR906783    0.15%    passed     99.55%
  79  KR906784    0.00%    passed     97.98%
  80  KR906785    0.00%    passed     91.97%
  81  KR906786    0.22%    passed     99.30%
  82  KR906787    0.00%    passed     99.71%
  83  KR906788    0.00%    passed     98.60%
  84  KR906789    0.00%    passed     98.10%
  85  KR906790    0.00%    passed     99.91%
  86  KR906791    3.70%    passed     99.43%
  87  KR906792    0.00%    passed     96.17%
  88  KX148206    0.00%    passed     96.20%
  89  KY210220    0.00%    passed     99.73%
  90  KY210221    0.44%    passed     99.75%
  91  KY210222    0.00%    passed     99.69%
  92  KY210223    0.00%    passed     95.20%
  93  KY210224    0.00%    passed     97.57%
  94  KY210225    0.00%    passed     99.71%
  95  KY210226    0.00%    passed     98.60%
  96  KY210227    0.00%    passed     98.10%
  97  KY210228    0.00%    passed     99.29%
  98  KY210229    0.00%    passed     99.71%
  99  KY210230    0.00%    passed     98.60%
 100  KY210231    0.00%    passed     99.71%
 101  KY210232    0.00%    passed     99.71%
 102  KY210233    0.00%    passed     98.10%
 103  KY210234    0.00%    passed     99.71%
 104  KY210235    0.00%    passed     99.71%
 105  KY210236    0.00%    passed     98.60%
 106  KY210237    0.00%    passed     98.10%
 107  KY210238    0.00%    passed     99.71%
 108  KY210239    0.00%    passed     99.71%
 109  KY210240    0.00%    passed     98.10%
 110  KY210241    0.00%    passed     99.71%
 111  KY210242    0.07%    passed     98.01%
 112  KY210243    0.00%    passed     99.63%
 113  KY210244    0.00%    passed     97.57%
 114  KY210245    0.00%    passed     99.91%
 115  KY210246    0.00%    passed     99.71%
 116  KY210247    0.00%    passed     99.63%
 117  KY210248    0.00%    passed     97.57%
 118  KY210249    0.00%    passed     99.29%
 119  KY210250    0.00%    passed     99.71%
 120  KY210251    0.00%    passed     99.71%
 121  KY210252    0.00%    passed     99.91%
 122  KY210253    0.00%    passed     95.57%
 123  KY210254    0.00%    passed     95.57%
 124  KY210255    0.00%    passed     95.57%
 125  KY210256    0.00%    passed     95.57%
 126  KY210257    0.00%    passed     98.10%
 127  KY210258    0.00%    passed     99.71%
 128  KY210259    0.00%    passed     99.71%
 129  KY210260    0.00%    passed     99.71%
 130  KY210261    0.00%    passed     98.10%
 131  KY210262    0.00%    passed     97.42%
 132  KY210263    0.00%    passed     99.69%
 133  KY210264    0.00%    passed     96.75%
 134  KY210265    0.00%    passed     97.57%
 135  KY210266    0.00%    passed     95.57%
 136  KY210267    0.00%    passed     99.51%
 137  KY210268    0.00%    passed     99.69%
 138  KY210269    0.00%    passed     98.10%
 139  KY210270    0.00%    passed     98.10%
 140  KY210271    0.00%    passed     99.71%
 141  KY210272    0.00%    passed     99.71%
 142  KY210273    0.00%    passed     97.57%
 143  KY210274    0.00%    passed     97.98%
 144  KY210275    1.70%    passed     99.41%
 145  KY210276    0.00%    passed     97.57%
 146  KY210277    0.00%    passed     98.10%
 147  KY210278    0.00%    passed     99.69%
 148  KY210279    0.00%    passed     97.98%
 149  KY210280    0.00%    passed     95.20%
 150  KY210281    0.00%    passed     95.20%
 151  KY210282    0.00%    passed     95.20%
 152  KY210283    0.00%    passed     98.10%
 153  KY210284    0.00%    passed     98.10%
 154  KY210285    0.00%    passed     94.20%
 155  KY210286    0.00%    passed     99.69%
 156  KY210287    0.00%    passed     99.57%
 157  KY210288    0.00%    passed     99.57%
 158  KY210289    0.00%    passed     99.71%
 159  KY210290    0.00%    passed     99.71%
 160  KY210291    0.00%    passed     99.71%
 161  KY210292    0.00%    passed     99.71%
 162  KY210293    0.00%    passed     99.71%
 163  KY210294    0.00%    passed     98.10%
 164  KY210295    0.00%    passed     99.57%
 165  KY210296    0.00%    passed     99.57%
 166  KY210297    0.00%    passed     96.17%
 167  KY210298    0.00%    passed     96.17%
 168  KY210299    0.00%    passed     99.71%
 169  KY210300    0.00%    passed     99.71%
 170  KY210301    0.00%    passed     99.71%
 171  KY210302    0.00%    passed     99.71%
 172  KY210303    0.00%    passed     97.57%
 173  KY210304    0.00%    passed     98.96%
 174  KY210305    0.00%    passed     96.17%
 175  KY210306    0.00%    passed     95.20%
 176  KY210307    0.00%    passed     99.71%
 177  KY210308    0.00%    passed     99.69%
 178  KY210309    0.00%    passed     98.16%
 179  KY210310    0.00%    passed     98.10%
 180  KY210311    0.00%    passed     99.69%
 181  MN726802   10.35%    passed     93.66%
 182  MN726803   16.85%    passed     98.74%
 183  MN726804    0.00%    passed     99.40%
 184  MN726806   72.36%    passed     64.23%
 185  MN726807    7.61%    passed     99.59%
 186  MN726808    3.25%    passed     99.95%
 187  MN726809    0.52%    passed     99.87%
 188  MN726811   19.96%    passed     89.11%
 189  MN726813   35.62%    passed     91.16%
 190  MN726815    0.15%    passed     99.70%
 191  MN726817    0.07%    passed     99.96%
 192  MN726818    0.15%    passed     99.92%
 193  MN726820    0.59%    passed     99.07%
 194  MN726822   19.96%    passed     94.04%
 195  MN726823   16.85%    passed     98.78%
 196  MN726824    0.22%    passed     99.52%
 197  MN726825    4.73%    passed     98.40%
 198  MN726826    0.00%    passed     99.70%
 199  MN726827    0.00%    passed     99.33%
 200  MN726828   10.79%    passed     93.94%
 201  MN726829    4.43%    passed     99.78%
 202  MN726832   20.03%    passed     93.81%
 203  MN726833    0.59%    passed     99.57%
 204  MN726834   42.94%    passed     62.31%
 205  MN726835    0.22%    passed     99.94%
WARNING: 1 sequences contain more than 50% gaps/ambiguity
****  TOTAL       1.45%  0 sequences failed composition chi2 test (p-value<5%; df=3)
NOTE: KY210222 is identical to KR534217 but kept for subsequent analysis
NOTE: KR534220 is identical to KR534218 but kept for subsequent analysis
NOTE: KR906734 is identical to KR534219 but kept for subsequent analysis
NOTE: KR534231 is identical to KR534228 but kept for subsequent analysis
NOTE: KR906756 is identical to KR534232 but kept for subsequent analysis
NOTE: KR906760 is identical to KR534233 but kept for subsequent analysis
NOTE: KR534236 is identical to KR534235 but kept for subsequent analysis
NOTE: KR534245 is identical to KR534244 but kept for subsequent analysis
NOTE: KY210226 is identical to KR534250 but kept for subsequent analysis
NOTE: KR906774 is identical to KR534251 but kept for subsequent analysis
NOTE: KR906753 is identical to KR906741 but kept for subsequent analysis
NOTE: KR906750 is identical to KR906742 but kept for subsequent analysis
NOTE: KR906752 is identical to KR906748 but kept for subsequent analysis
NOTE: KR906765 is identical to KR906764 but kept for subsequent analysis
NOTE: KR906776 is identical to KR906770 but kept for subsequent analysis
NOTE: KR906780 is identical to KR906778 but kept for subsequent analysis
NOTE: KY210287 is identical to KR906781 but kept for subsequent analysis
NOTE: KY210245 is identical to KR906790 but kept for subsequent analysis
NOTE: KY210297 is identical to KR906792 but kept for subsequent analysis
NOTE: KY210254 is identical to KY210253 but kept for subsequent analysis
NOTE: KY210311 is identical to KY210263 but kept for subsequent analysis
NOTE: 88 identical sequences (see below) will be ignored for subsequent analysis
NOTE: KY210220 (identical to KR534218) is ignored but added at the end
NOTE: KR534234 (identical to KR534228) is ignored but added at the end
NOTE: KR906743 (identical to KR534228) is ignored but added at the end
NOTE: KY210285 (identical to KR534228) is ignored but added at the end
NOTE: KY210267 (identical to KR534232) is ignored but added at the end
NOTE: KR906772 (identical to KR534233) is ignored but added at the end
NOTE: KR534237 (identical to KR534235) is ignored but added at the end
NOTE: KR534256 (identical to KR534235) is ignored but added at the end
NOTE: KY210224 (identical to KR534235) is ignored but added at the end
NOTE: KY210244 (identical to KR534235) is ignored but added at the end
NOTE: KY210248 (identical to KR534235) is ignored but added at the end
NOTE: KY210265 (identical to KR534235) is ignored but added at the end
NOTE: KY210273 (identical to KR534235) is ignored but added at the end
NOTE: KY210276 (identical to KR534235) is ignored but added at the end
NOTE: KY210303 (identical to KR534235) is ignored but added at the end
NOTE: KR534246 (identical to KR534244) is ignored but added at the end
NOTE: KR534247 (identical to KR534244) is ignored but added at the end
NOTE: KR534248 (identical to KR534244) is ignored but added at the end
NOTE: KR534249 (identical to KR534244) is ignored but added at the end
NOTE: KR534254 (identical to KR534244) is ignored but added at the end
NOTE: KR906755 (identical to KR534244) is ignored but added at the end
NOTE: KR906771 (identical to KR534244) is ignored but added at the end
NOTE: KR906782 (identical to KR534244) is ignored but added at the end
NOTE: KR906787 (identical to KR534244) is ignored but added at the end
NOTE: KY210225 (identical to KR534244) is ignored but added at the end
NOTE: KY210229 (identical to KR534244) is ignored but added at the end
NOTE: KY210231 (identical to KR534244) is ignored but added at the end
NOTE: KY210232 (identical to KR534244) is ignored but added at the end
NOTE: KY210234 (identical to KR534244) is ignored but added at the end
NOTE: KY210235 (identical to KR534244) is ignored but added at the end
NOTE: KY210238 (identical to KR534244) is ignored but added at the end
NOTE: KY210239 (identical to KR534244) is ignored but added at the end
NOTE: KY210241 (identical to KR534244) is ignored but added at the end
NOTE: KY210246 (identical to KR534244) is ignored but added at the end
NOTE: KY210250 (identical to KR534244) is ignored but added at the end
NOTE: KY210251 (identical to KR534244) is ignored but added at the end
NOTE: KY210258 (identical to KR534244) is ignored but added at the end
NOTE: KY210259 (identical to KR534244) is ignored but added at the end
NOTE: KY210260 (identical to KR534244) is ignored but added at the end
NOTE: KY210271 (identical to KR534244) is ignored but added at the end
NOTE: KY210272 (identical to KR534244) is ignored but added at the end
NOTE: KY210289 (identical to KR534244) is ignored but added at the end
NOTE: KY210290 (identical to KR534244) is ignored but added at the end
NOTE: KY210291 (identical to KR534244) is ignored but added at the end
NOTE: KY210292 (identical to KR534244) is ignored but added at the end
NOTE: KY210293 (identical to KR534244) is ignored but added at the end
NOTE: KY210299 (identical to KR534244) is ignored but added at the end
NOTE: KY210300 (identical to KR534244) is ignored but added at the end
NOTE: KY210301 (identical to KR534244) is ignored but added at the end
NOTE: KY210302 (identical to KR534244) is ignored but added at the end
NOTE: KY210307 (identical to KR534244) is ignored but added at the end
NOTE: KY210230 (identical to KR534250) is ignored but added at the end
NOTE: KY210236 (identical to KR534250) is ignored but added at the end
NOTE: KY210223 (identical to KR534251) is ignored but added at the end
NOTE: KY210280 (identical to KR534251) is ignored but added at the end
NOTE: KY210281 (identical to KR534251) is ignored but added at the end
NOTE: KY210282 (identical to KR534251) is ignored but added at the end
NOTE: KY210306 (identical to KR534251) is ignored but added at the end
NOTE: KR906754 (identical to KR906742) is ignored but added at the end
NOTE: KR906768 (identical to KR906742) is ignored but added at the end
NOTE: KR906777 (identical to KR906770) is ignored but added at the end
NOTE: KR906789 (identical to KR906770) is ignored but added at the end
NOTE: KY210227 (identical to KR906770) is ignored but added at the end
NOTE: KY210233 (identical to KR906770) is ignored but added at the end
NOTE: KY210237 (identical to KR906770) is ignored but added at the end
NOTE: KY210240 (identical to KR906770) is ignored but added at the end
NOTE: KY210257 (identical to KR906770) is ignored but added at the end
NOTE: KY210261 (identical to KR906770) is ignored but added at the end
NOTE: KY210269 (identical to KR906770) is ignored but added at the end
NOTE: KY210270 (identical to KR906770) is ignored but added at the end
NOTE: KY210277 (identical to KR906770) is ignored but added at the end
NOTE: KY210283 (identical to KR906770) is ignored but added at the end
NOTE: KY210284 (identical to KR906770) is ignored but added at the end
NOTE: KY210294 (identical to KR906770) is ignored but added at the end
NOTE: KY210310 (identical to KR906770) is ignored but added at the end
NOTE: KY210268 (identical to KR906778) is ignored but added at the end
NOTE: KY210278 (identical to KR906778) is ignored but added at the end
NOTE: KY210286 (identical to KR906778) is ignored but added at the end
NOTE: KY210308 (identical to KR906778) is ignored but added at the end
NOTE: KY210288 (identical to KR906781) is ignored but added at the end
NOTE: KY210295 (identical to KR906781) is ignored but added at the end
NOTE: KY210296 (identical to KR906781) is ignored but added at the end
NOTE: KY210252 (identical to KR906790) is ignored but added at the end
NOTE: KY210298 (identical to KR906792) is ignored but added at the end
NOTE: KY210305 (identical to KR906792) is ignored but added at the end
NOTE: KY210255 (identical to KY210253) is ignored but added at the end
NOTE: KY210256 (identical to KY210253) is ignored but added at the end
NOTE: KY210266 (identical to KY210253) is ignored but added at the end
Alignment was printed to Tanz_N/Alignment/Tanz_N_aligned.fasta.uniqueseq.phy

For your convenience alignment with unique sequences printed to Tanz_N/Alignment/Tanz_N_aligned.fasta.uniqueseq.phy


Create initial parsimony tree by phylogenetic likelihood library (PLL)... 0.006 seconds
Perform fast likelihood tree search using GTR+I+G model...
Estimate model parameters (epsilon = 5.000)
Perform nearest neighbor interchange...
Estimate model parameters (epsilon = 1.000)
1. Initial log-likelihood: -3907.278
Optimal log-likelihood: -3906.709
Rate parameters:  A-C: 4.33663  A-G: 24.62098  A-T: 1.58048  C-G: 0.00010  C-T: 39.95839  G-T: 1.00000
Base frequencies:  A: 0.299  C: 0.208  G: 0.237  T: 0.256
Proportion of invariable sites: 0.440
Gamma shape alpha: 0.302
Parameters optimization took 1 rounds (0.057 sec)
Time for fast ML tree search: 0.432 seconds

NOTE: ModelFinder requires 11 MB RAM!
ModelFinder will test up to 286 DNA models (sample size: 1353) ...
 No. Model         -LnL         df  AIC          AICc         BIC
  1  GTR+F         4028.454     239 8534.908     8637.980     9780.117
  2  GTR+F+I       3910.455     240 8300.910     8404.939     9551.329
  3  GTR+F+G4      3912.048     240 8304.095     8408.124     9554.514
  4  GTR+F+I+G4    3904.307     241 8290.613     8395.603     9546.242
  5  GTR+F+R2      3899.228     241 8280.456     8385.446     9536.085
  6  GTR+F+R3      3898.567     243 8283.133     8390.062     9549.182
 18  SYM+R2        3911.790     238 8299.580     8401.702     9539.579
 31  TVM+F+R2      3903.249     240 8286.499     8390.528     9536.918
 44  TVMe+R2       3914.139     237 8302.278     8403.455     9537.067
 57  TIM3+F+R2     3910.794     239 8299.589     8402.662     9544.798
 70  TIM3e+R2      3924.499     236 8320.999     8421.235     9550.577
 83  TIM2+F+R2     3908.803     239 8295.607     8398.680     9540.816
 96  TIM2e+R2      3921.282     236 8314.564     8414.800     9544.143
109  TIM+F+R2      3902.520     239 8283.040     8386.113     9528.249
122  TIMe+R2       3916.217     236 8304.434     8404.671     9534.013
135  TPM3u+F+R2    3915.458     238 8306.917     8409.039     9546.916
148  TPM3+F+R2     3915.458     238 8306.917     8409.039     9546.916
161  TPM2u+F+R2    3913.543     238 8303.085     8405.207     9543.084
174  TPM2+F+R2     3913.543     238 8303.085     8405.207     9543.084
187  K3Pu+F+R2     3907.134     238 8290.268     8392.390     9530.267
200  K3P+R2        3918.420     235 8306.840     8406.142     9531.209
213  TN+F+R2       3910.896     238 8297.792     8399.914     9537.791
226  TNe+R2        3924.495     235 8318.990     8418.292     9543.359
239  HKY+F+R2      3915.541     237 8305.083     8406.259     9539.871
252  K2P+R2        3926.725     234 8321.451     8419.823     9540.609
265  F81+F+R2      4103.966     236 8679.932     8780.168     9909.511
278  JC+R2         4113.296     233 8692.592     8790.040     9906.541
Akaike Information Criterion:           GTR+F+R2
Corrected Akaike Information Criterion: GTR+F+R2
Bayesian Information Criterion:         TIM+F+R2
Best-fit model: TIM+F+R2 chosen according to BIC

All model information printed to Tanz_N/Alignment/Tanz_N_aligned.fasta.model.gz
CPU time for ModelFinder: 3.543 seconds (0h:0m:3s)
Wall-clock time for ModelFinder: 3.586 seconds (0h:0m:3s)
Generating 1000 samples for ultrafast bootstrap (seed: 886763)...

NOTE: 3 MB RAM (0 GB) is required!
Estimate model parameters (epsilon = 0.100)
1. Initial log-likelihood: -3902.520
Optimal log-likelihood: -3902.515
Rate parameters:  A-C: 1.00000  A-G: 6.11810  A-T: 0.18938  C-G: 0.18938  C-T: 10.15789  G-T: 1.00000
Base frequencies:  A: 0.299  C: 0.208  G: 0.237  T: 0.256
Site proportion and rates:  (0.911,0.303) (0.089,8.110)
Parameters optimization took 1 rounds (0.025 sec)
Computing ML distances based on estimated model parameters... 0.115 sec
Computing BIONJ tree...
0.006 seconds
Log-likelihood of BIONJ tree: -3969.709
--------------------------------------------------------------------
|             INITIALIZING CANDIDATE TREE SET                      |
--------------------------------------------------------------------
Generating 98 parsimony trees... 0.537 second
Computing log-likelihood of 98 initial trees ... 0.362 seconds
Current best score: -3902.411

Do NNI search on 20 best initial trees
Estimate model parameters (epsilon = 0.100)
BETTER TREE FOUND at iteration 1: -3899.971
Iteration 10 / LogL: -3905.546 / Time: 0h:0m:3s
Estimate model parameters (epsilon = 0.100)
BETTER TREE FOUND at iteration 13: -3899.907
Iteration 20 / LogL: -3908.641 / Time: 0h:0m:5s
Finish initializing candidate tree set (20)
Current best tree score: -3899.907 / CPU time: 5.721
Number of iterations: 20
--------------------------------------------------------------------
|               OPTIMIZING CANDIDATE TREE SET                      |
--------------------------------------------------------------------
Estimate model parameters (epsilon = 0.100)
BETTER TREE FOUND at iteration 25: -3899.297
Iteration 30 / LogL: -3899.337 / Time: 0h:0m:8s (0h:0m:28s left)
Estimate model parameters (epsilon = 0.100)
BETTER TREE FOUND at iteration 39: -3899.282
Iteration 40 / LogL: -3902.152 / Time: 0h:0m:11s (0h:0m:28s left)
Iteration 50 / LogL: -3902.476 / Time: 0h:0m:13s (0h:0m:24s left)
Log-likelihood cutoff on original alignment: -3954.382
BETTER TREE FOUND at iteration 54: -3899.277
BETTER TREE FOUND at iteration 58: -3899.270
Iteration 60 / LogL: -3899.784 / Time: 0h:0m:16s (0h:0m:27s left)
Iteration 70 / LogL: -3909.272 / Time: 0h:0m:18s (0h:0m:24s left)
Estimate model parameters (epsilon = 0.100)
BETTER TREE FOUND at iteration 71: -3899.256
Iteration 80 / LogL: -3905.218 / Time: 0h:0m:21s (0h:0m:24s left)
Iteration 90 / LogL: -3899.334 / Time: 0h:0m:23s (0h:0m:21s left)
Iteration 100 / LogL: -3899.282 / Time: 0h:0m:26s (0h:0m:19s left)
Log-likelihood cutoff on original alignment: -3954.382
NOTE: Bootstrap correlation coefficient of split occurrence frequencies: 0.993
Iteration 110 / LogL: -3902.805 / Time: 0h:0m:29s (0h:0m:24s left)
Iteration 120 / LogL: -3899.338 / Time: 0h:0m:32s (0h:0m:21s left)
Iteration 130 / LogL: -3903.167 / Time: 0h:0m:34s (0h:0m:18s left)
Iteration 140 / LogL: -3899.293 / Time: 0h:0m:36s (0h:0m:15s left)
Iteration 150 / LogL: -3899.279 / Time: 0h:0m:39s (0h:0m:13s left)
Log-likelihood cutoff on original alignment: -3954.382
Iteration 160 / LogL: -3903.411 / Time: 0h:0m:42s (0h:0m:10s left)
Iteration 170 / LogL: -3909.816 / Time: 0h:0m:44s (0h:0m:7s left)
TREE SEARCH COMPLETED AFTER 172 ITERATIONS / Time: 0h:0m:45s

--------------------------------------------------------------------
|                    FINALIZING TREE SEARCH                        |
--------------------------------------------------------------------
Performs final model parameters optimization
Estimate model parameters (epsilon = 0.010)
1. Initial log-likelihood: -3899.256
Optimal log-likelihood: -3899.256
Rate parameters:  A-C: 1.00000  A-G: 6.16339  A-T: 0.18924  C-G: 0.18924  C-T: 10.07177  G-T: 1.00000
Base frequencies:  A: 0.299  C: 0.208  G: 0.237  T: 0.256
Site proportion and rates:  (0.916,0.318) (0.084,8.394)
Parameters optimization took 1 rounds (0.022 sec)
BEST SCORE FOUND : -3899.256
Creating bootstrap support values...
Split supports printed to NEXUS file Tanz_N/Alignment/Tanz_N_aligned.fasta.splits.nex
Total tree length: 0.249

Total number of iterations: 172
CPU time used for tree search: 44.663 sec (0h:0m:44s)
Wall-clock time used for tree search: 44.887 sec (0h:0m:44s)
Total CPU time used: 45.177 sec (0h:0m:45s)
Total wall-clock time used: 45.426 sec (0h:0m:45s)

Computing bootstrap consensus tree...
Reading input file Tanz_N/Alignment/Tanz_N_aligned.fasta.splits.nex...
117 taxa and 1600 splits.
Consensus tree written to Tanz_N/Alignment/Tanz_N_aligned.fasta.contree
Reading input trees file Tanz_N/Alignment/Tanz_N_aligned.fasta.contree
Log-likelihood of consensus tree: -3899.425

Analysis results written to: 
  IQ-TREE report:                Tanz_N/Alignment/Tanz_N_aligned.fasta.iqtree
  Maximum-likelihood tree:       Tanz_N/Alignment/Tanz_N_aligned.fasta.treefile
  Likelihood distances:          Tanz_N/Alignment/Tanz_N_aligned.fasta.mldist

Ultrafast bootstrap approximation results written to:
  Split support values:          Tanz_N/Alignment/Tanz_N_aligned.fasta.splits.nex
  Consensus tree:                Tanz_N/Alignment/Tanz_N_aligned.fasta.contree
  Screen log file:               Tanz_N/Alignment/Tanz_N_aligned.fasta.log

Date and Time: Sun Feb 14 23:47:41 2021
