IQ-TREE multicore version 2.0.6 for Mac OS X 64-bit built May 30 2020
Developed by Bui Quang Minh, Nguyen Lam Tung, Olga Chernomor,
Heiko Schmidt, Dominik Schrempf, Michael Woodhams.

Host:    Kathryns-MacBook-Pro.local (AVX512, FMA3, 32 GB RAM)
Command: /Users/kathryncampbell/Desktop/iqtree2 -s Documents/GitHub/Lineages/Cosmo_WGS/Alignment/Cosmo_WGS_aligned.fasta -m TEST -b 1000
Seed:    210914 (Using SPRNG - Scalable Parallel Random Number Generator)
Time:    Fri Mar  5 17:41:08 2021
Kernel:  AVX+FMA - 1 threads (8 CPU cores detected)

HINT: Use -nt option to specify number of threads because your CPU has 8 cores!
HINT: -nt AUTO will automatically determine the best number of threads to use.

Reading alignment file Documents/GitHub/Lineages/Cosmo_WGS/Alignment/Cosmo_WGS_aligned.fasta ... Fasta format detected
Alignment most likely contains DNA/RNA sequences
Alignment has 650 sequences with 11936 columns, 6644 distinct patterns
5629 parsimony-informative, 621 singleton sites, 5686 constant sites
          Gap/Ambiguity  Composition  p-value
   1  AB009663    0.13%    passed     86.93%
   2  AB044824    0.13%    passed     88.23%
   3  AB085828    3.21%    passed     91.03%
   4  AB128149    0.13%    passed     83.33%
   5  AB839170    3.58%    passed     88.14%
   6  DQ099524    1.93%    passed     96.77%
   7  DQ099525    1.83%    passed     91.89%
   8  DQ875050    1.11%    passed     89.41%
   9  DQ875051    1.14%    passed     89.73%
  10  EF542830    0.08%    passed     73.15%
  11  FJ577895    0.12%    passed     95.61%
  12  GQ412744    0.13%    passed     85.10%
  13  GQ918139    0.11%    passed     86.90%
  14  GU565703    0.11%    passed     95.61%
  15  GU565704    0.12%    passed     93.04%
  16  HM535790    0.11%    passed     86.13%
  17  HQ891318    0.11%    passed     94.59%
  18  JN234411    0.13%    passed     96.12%
  19  JQ944709    0.11%    passed     87.14%
  20  KM198893    0.08%    passed     72.26%
  21  KX708499    1.23%    passed     97.89%
  22  KX708500    1.22%    passed     98.17%
  23  KX708501    1.23%    passed     98.81%
  24  KY765901    0.14%    passed     87.32%
  25  LC325820    0.11%    passed     86.14%
  26  LN879480    0.13%    passed     78.38%
  27  LT839616    0.11%    passed     92.62%
  28  LT909530    0.13%    passed     97.60%
  29  LT909543    0.13%    passed     97.53%
  30  MG458312    0.14%    passed     92.46%
  31  MG458319    0.10%    passed     97.33%
  32  KF155001    1.11%    passed     99.03%
  33  KP723638    1.12%    passed     92.14%
  34  KX148193    1.11%    passed     97.78%
  35  KX148194    1.10%    passed     99.51%
  36  KX148195    1.11%    passed     95.63%
  37  KX148196    1.11%    passed     96.84%
  38  KX148197    1.11%    passed     93.83%
  39  KX148198    1.11%    passed     98.78%
  40  KX148199    1.11%    passed     99.24%
  41  KX148200    1.11%    passed     99.89%
  42  KX148201    1.12%    passed     96.24%
  43  KX148202    1.11%    passed     98.15%
  44  LT909529    1.11%    passed     94.83%
  45  LT909531    1.11%    passed     90.77%
  46  LT909535    1.11%    passed     95.33%
  47  LT909542    1.11%    passed     94.94%
  48  LT909546    1.11%    passed     99.17%
  49  LT909551    1.11%    passed     99.38%
  50  MK981888    1.17%    passed     93.12%
  51  MN726805    1.16%    passed     92.66%
  52  MN726810    8.77%    passed     85.37%
  53  MN726812    1.20%    passed     94.47%
  54  MN726819    3.81%    passed     80.27%
  55  MN726830    1.19%    passed     93.09%
  56  JX473838    0.13%    passed     99.55%
  57  JX473839    0.13%    passed     99.44%
  58  JX473840    0.13%    passed     99.48%
  59  JX473841    0.13%    passed     99.54%
  60  KF155002    0.12%    passed     99.37%
  61  KR534217    0.12%    passed     96.79%
  62  KR534218    0.12%    passed     96.80%
  63  KR534219    0.12%    passed     99.26%
  64  KR534220    0.12%    passed     96.80%
  65  KR534228    0.19%    passed     99.36%
  66  KR534229    0.73%    passed     98.84%
  67  KR534230    0.44%    passed     97.32%
  68  KR534231    0.44%    passed     98.91%
  69  KR534232    0.13%    passed     99.47%
  70  KR534233    0.12%    passed     99.73%
  71  KR534234    0.12%    passed     99.20%
  72  KR534235    0.12%    passed     94.57%
  73  KR534236    0.12%    passed     94.84%
  74  KR534237    0.12%    passed     94.84%
  75  KR534238    0.59%    passed     98.73%
  76  KR534244    0.19%    passed     97.45%
  77  KR534245    0.12%    passed     97.23%
  78  KR534246    0.12%    passed     97.23%
  79  KR534247    0.12%    passed     98.49%
  80  KR534248    0.12%    passed     97.63%
  81  KR534249    0.16%    passed     97.96%
  82  KR534250    0.12%    passed     95.12%
  83  KR534251    0.12%    passed     99.47%
  84  KR534252    0.12%    passed     99.34%
  85  KR534253    0.13%    passed     95.71%
  86  KR534254    0.12%    passed     98.40%
  87  KR534256    0.13%    passed     95.75%
  88  KR906734    0.12%    passed     99.26%
  89  KR906735    0.28%    passed     90.69%
  90  KR906736    0.12%    passed     89.57%
  91  KR906737    0.16%    passed     97.27%
  92  KR906738    0.12%    passed     97.39%
  93  KR906739    0.12%    passed     99.95%
  94  KR906740    0.24%    passed     99.49%
  95  KR906741    0.12%    passed     96.23%
  96  KR906742    0.12%    passed     99.74%
  97  KR906743    0.21%    passed     99.26%
  98  KR906744    0.19%    passed     99.94%
  99  KR906745    0.20%    passed     96.46%
 100  KR906746    0.52%    passed     96.77%
 101  KR906747    0.12%    passed     96.02%
 102  KR906748    0.12%    passed     97.84%
 103  KR906749    0.49%    passed     96.02%
 104  KR906750    0.69%    passed     98.72%
 105  KR906751    0.19%    passed     95.36%
 106  KR906752    0.12%    passed     97.84%
 107  KR906753    0.13%    passed     94.85%
 108  KR906754    0.59%    passed     99.47%
 109  KR906755    0.12%    passed     97.28%
 110  KR906756    0.13%    passed     99.39%
 111  KR906757    0.48%    passed     98.97%
 112  KR906758    1.05%    passed     97.84%
 113  KR906759    1.85%    passed     98.89%
 114  KR906760    0.14%    passed     99.74%
 115  KR906761    2.38%    passed     97.90%
 116  KR906762    0.19%    passed     98.86%
 117  KR906763    0.14%    passed     80.46%
 118  KR906764    0.18%    passed     84.47%
 119  KR906765    0.12%    passed     83.83%
 120  KR906766    0.20%    passed     87.31%
 121  KR906767    0.19%    passed     98.24%
 122  KR906768    0.49%    passed     99.50%
 123  KR906769    0.19%    passed     98.28%
 124  KR906770    0.21%    passed     98.77%
 125  KR906771    0.12%    passed     97.09%
 126  KR906772    0.13%    passed     99.74%
 127  KR906773    0.12%    passed     95.45%
 128  KR906774    0.13%    passed     99.50%
 129  KR906775    1.73%    passed     97.82%
 130  KR906776    0.12%    passed     98.59%
 131  KR906777    0.12%    passed     98.38%
 132  KR906778    0.19%    passed     93.99%
 133  KR906779    0.15%    passed     98.89%
 134  KR906780    0.14%    passed     96.44%
 135  KR906781    0.12%    passed     96.75%
 136  KR906782    0.15%    passed     98.78%
 137  KR906783    0.30%    passed     97.89%
 138  KR906784    0.12%    passed     97.87%
 139  KR906785    0.13%    passed     99.72%
 140  KR906786    0.23%    passed     96.82%
 141  KR906787    0.12%    passed     97.10%
 142  KR906788    0.16%    passed     94.86%
 143  KR906789    0.12%    passed     99.11%
 144  KR906790    0.12%    passed     99.60%
 145  KR906791    7.47%    passed     97.32%
 146  KR906792    0.13%    passed     93.97%
 147  KT336432    0.12%    passed     99.64%
 148  KT336433    0.12%    passed     90.49%
 149  KT336434    0.12%    passed     94.46%
 150  KT336435    0.12%    passed     86.10%
 151  KT336436    0.12%    passed     96.56%
 152  KT336437    0.13%    passed     90.74%
 153  KX148103    0.12%    passed     97.09%
 154  KX148203    1.13%    passed     90.63%
 155  KX148204    1.14%    passed     91.16%
 156  KX148205    1.13%    passed     97.60%
 157  KX148206    1.13%    passed     97.09%
 158  KX148207    1.13%    passed     97.60%
 159  KX148208    1.13%    passed     99.75%
 160  KY210220    0.19%    passed     96.26%
 161  KY210221    1.47%    passed     99.55%
 162  KY210222    0.12%    passed     96.79%
 163  KY210223    0.19%    passed     98.59%
 164  KY210224    0.12%    passed     94.57%
 165  KY210225    0.12%    passed     97.99%
 166  KY210226    0.17%    passed     94.27%
 167  KY210227    0.19%    passed     98.33%
 168  KY210228    2.38%    passed     99.74%
 169  KY210229    0.12%    passed     98.56%
 170  KY210230    0.12%    passed     94.57%
 171  KY210231    0.12%    passed     97.99%
 172  KY210232    0.12%    passed     97.63%
 173  KY210233    0.12%    passed     98.79%
 174  KY210234    0.26%    passed     96.82%
 175  KY210235    0.12%    passed     97.63%
 176  KY210236    0.19%    passed     94.45%
 177  KY210237    0.13%    passed     98.98%
 178  KY210238    0.12%    passed     98.49%
 179  KY210239    0.12%    passed     97.47%
 180  KY210240    0.44%    passed     97.64%
 181  KY210241    0.26%    passed     97.76%
 182  KY210242    0.16%    passed     97.79%
 183  KY210243    0.19%    passed     97.45%
 184  KY210244    0.67%    passed     91.44%
 185  KY210245    0.12%    passed     99.55%
 186  KY210246    0.12%    passed     98.76%
 187  KY210247    0.12%    passed     97.62%
 188  KY210248    0.12%    passed     96.47%
 189  KY210249    0.13%    passed     96.98%
 190  KY210250    0.14%    passed     97.44%
 191  KY210251    0.12%    passed     97.47%
 192  KY210252    0.12%    passed     99.59%
 193  KY210253    0.12%    passed     99.50%
 194  KY210254    0.13%    passed     99.43%
 195  KY210255    0.12%    passed     99.50%
 196  KY210256    0.12%    passed     99.50%
 197  KY210257    0.13%    passed     99.20%
 198  KY210258    0.13%    passed     97.28%
 199  KY210259    0.14%    passed     98.81%
 200  KY210260    0.39%    passed     98.35%
 201  KY210261    0.12%    passed     98.79%
 202  KY210262    0.12%    passed     96.46%
 203  KY210263    0.13%    passed     99.45%
 204  KY210264    0.12%    passed     99.33%
 205  KY210265    0.12%    passed     95.09%
 206  KY210266    0.12%    passed     99.43%
 207  KY210267    0.12%    passed     99.30%
 208  KY210268    0.12%    passed     93.97%
 209  KY210269    0.12%    passed     99.38%
 210  KY210270    0.13%    passed     99.33%
 211  KY210271    0.12%    passed     96.96%
 212  KY210272    0.12%    passed     98.27%
 213  KY210273    0.12%    passed     94.84%
 214  KY210274    0.12%    passed     99.26%
 215  KY210275    1.77%    passed     99.27%
 216  KY210276    0.13%    passed     94.71%
 217  KY210277    0.12%    passed     98.79%
 218  KY210278    0.14%    passed     94.99%
 219  KY210279    0.69%    passed     97.18%
 220  KY210280    0.18%    passed     99.33%
 221  KY210281    0.12%    passed     99.47%
 222  KY210282    0.56%    passed     98.01%
 223  KY210283    0.12%    passed     98.62%
 224  KY210284    0.34%    passed     99.14%
 225  KY210285    0.12%    passed     99.58%
 226  KY210286    0.13%    passed     96.41%
 227  KY210287    0.63%    passed     97.18%
 228  KY210288    0.13%    passed     96.52%
 229  KY210289    0.14%    passed     97.82%
 230  KY210290    0.14%    passed     98.24%
 231  KY210291    0.12%    passed     98.31%
 232  KY210292    0.12%    passed     98.08%
 233  KY210293    0.18%    passed     97.64%
 234  KY210294    0.14%    passed     97.83%
 235  KY210295    0.12%    passed     96.56%
 236  KY210296    0.12%    passed     96.56%
 237  KY210297    0.12%    passed     93.49%
 238  KY210298    0.14%    passed     93.35%
 239  KY210299    0.20%    passed     97.24%
 240  KY210300    0.12%    passed     97.10%
 241  KY210301    0.12%    passed     98.20%
 242  KY210302    0.14%    passed     98.05%
 243  KY210303    0.12%    passed     95.84%
 244  KY210304    0.13%    passed     98.03%
 245  KY210305    0.12%    passed     93.62%
 246  KY210306    0.13%    passed     99.50%
 247  KY210307    0.12%    passed     97.36%
 248  KY210308    0.52%    passed     97.10%
 249  KY210309    0.26%    passed     98.31%
 250  KY210310    0.39%    passed     98.25%
 251  KY210311    0.14%    passed     99.48%
 252  LC029889    0.12%    passed     99.62%
 253  LT909528    0.12%    passed     97.41%
 254  LT909534    0.12%    passed     99.35%
 255  LT909536    0.12%    passed     98.75%
 256  MG458318    0.16%    passed     93.98%
 257  MN726802   11.49%    passed     79.38%
 258  MN726803   29.95%    passed     77.20%
 259  MN726804    0.12%    passed     99.50%
 260  MN726807   15.99%    passed     82.82%
 261  MN726808    1.33%    passed     98.90%
 262  MN726809   12.63%    passed     78.88%
 263  MN726811   22.13%    passed     91.99%
 264  MN726814    0.80%    passed     96.64%
 265  MN726815    0.84%    passed     95.02%
 266  MN726816    4.16%    passed     95.51%
 267  MN726817    5.29%    passed     82.91%
 268  MN726818    0.75%    passed     92.27%
 269  MN726820    1.14%    passed     92.24%
 270  MN726821    6.77%    passed     92.41%
 271  MN726822   20.44%    passed     82.23%
 272  MN726823   14.06%    passed     92.98%
 273  MN726824    3.93%    passed     96.66%
 274  MN726825    1.99%    passed     93.35%
 275  MN726826    1.24%    passed     99.68%
 276  MN726827    3.02%    passed     94.66%
 277  MN726828   15.94%    passed     53.92%
 278  MN726829   14.32%    passed     76.06%
 279  MN726831    0.83%    passed     94.46%
 280  MN726832   18.13%    passed     87.12%
 281  MN726833    5.25%    passed     98.23%
 282  MN726835    7.31%    passed     96.35%
 283  MT454631    0.12%    passed     99.43%
 284  MT454632    0.29%    passed     98.46%
 285  MT454633    0.24%    passed     92.53%
 286  MT454634    0.12%    passed     99.48%
 287  MT454635    0.12%    passed     99.64%
 288  MT454636    0.12%    passed     99.54%
 289  MT454637    0.12%    passed     99.75%
 290  MT454638    0.12%    passed     97.91%
 291  MT454639    0.12%    passed     99.47%
 292  MT454640    0.12%    passed     97.94%
 293  MT454641    0.12%    passed     99.09%
 294  MT454642    0.12%    passed     95.88%
 295  MT454643    0.13%    passed     92.19%
 296  MT454644    0.12%    passed     98.67%
 297  MT454645    0.13%    passed     91.65%
 298  MT454646    0.13%    passed     92.79%
 299  MT454647    0.13%    passed     94.28%
 300  MT454648    0.12%    passed     99.14%
 301  MT454649    0.13%    passed     95.15%
 302  MT454650    0.13%    passed     93.72%
 303  MT454651    0.13%    passed     91.84%
 304  MT454652    0.12%    passed     99.25%
 305  MT454653    0.12%    passed     99.29%
 306  MT454654    0.12%    passed     99.33%
 307  KX148209    1.14%    passed     95.41%
 308  KX148210    1.14%    passed     93.04%
 309  KX148211    1.14%    passed     96.78%
 310  KF154998    0.10%    passed     99.19%
 311  KX148101    0.11%    passed     98.31%
 312  MG458315    0.11%    passed     99.07%
 313  MG458316    0.11%    passed     99.82%
 314  MG458317    0.11%    passed     99.21%
 315  MK760768    1.79%    passed     99.11%
 316  MK760769    1.78%    passed     98.86%
 317  MK760770    1.79%    passed     99.15%
 318  AB645847    1.13%    passed     95.24%
 319  JQ685944    1.13%    passed     94.63%
 320  JQ685967    1.13%    passed     99.76%
 321  KX148213    1.13%    passed     99.97%
 322  HQ450386    0.13%    passed     98.62%
 323  KT006769    0.13%    passed     98.70%
 324  KX148102    0.12%    passed     93.49%
 325  KX148110    1.12%    passed     94.71%
 326  KX148111    1.12%    passed     94.20%
 327  KX148112    1.13%    passed     96.78%
 328  KX708502    1.21%    passed     96.96%
 329  KX708503    1.21%    passed     94.99%
 330  KX708504    1.20%    passed     99.15%
 331  LT909544    0.12%    passed     89.25%
 332  JQ685899    0.12%    passed     98.60%
 333  JQ685943    0.10%    passed     92.82%
 334  AB517659    1.12%    passed     92.42%
 335  KC737850    1.12%    passed     98.48%
 336  KX148214    1.12%    passed     77.70%
 337  KX148215    1.12%    passed     78.28%
 338  KX148216    1.12%    passed     82.94%
 339  AB362483    1.12%    passed     99.02%
 340  AB517660    1.12%    passed     99.24%
 341  KM594039    1.13%    passed     90.26%
 342  KX148217    1.11%    passed     83.84%
 343  JQ685894    0.13%    passed     97.64%
 344  JQ685970    0.12%    passed     99.78%
 345  JQ944705    1.13%    passed     90.13%
 346  KC252633    1.16%    passed     78.36%
 347  KC595280    1.78%    passed     86.37%
 348  KC595281    1.75%    passed     92.47%
 349  KC595282    1.76%    passed     91.68%
 350  KC595283    1.78%    passed     85.69%
 351  KM016899    1.14%    passed     92.70%
 352  KP997032    1.13%    passed     88.21%
 353  KT728348    1.13%    passed     88.42%
 354  KT728349    1.13%    passed     92.86%
 355  KX148159    1.13%    passed     89.42%
 356  KY649620    1.14%    passed     79.99%
 357  MF172976    1.28%    passed     84.09%
 358  MF197741    1.13%    passed     91.25%
 359  MH267792    1.13%    passed     86.24%
 360  MK760700    1.79%    passed     93.05%
 361  MK760706    1.79%    passed     93.15%
 362  MK760707    1.79%    passed     82.08%
 363  MK760712    1.79%    passed     85.74%
 364  MK760723    1.79%    passed     88.52%
 365  MK760731    1.79%    passed     88.89%
 366  MK760734    1.79%    passed     83.99%
 367  MK760744    1.79%    passed     93.67%
 368  MK760753    1.79%    passed     90.64%
 369  MK760755    1.79%    passed     92.56%
 370  JQ944706    1.13%    passed     97.70%
 371  KF155000    1.13%    passed     99.03%
 372  KX148212    1.13%    passed     99.94%
 373  KY860610    1.13%    passed     99.41%
 374  MK760675    1.79%    passed     99.69%
 375  MK760676    1.79%    passed     99.46%
 376  MK760679    1.79%    passed     99.81%
 377  MK760682    1.79%    passed     99.71%
 378  MK760684    1.79%    passed     99.80%
 379  MK760690    1.79%    passed     99.77%
 380  MK760747    1.79%    passed     99.82%
 381  MK760756    1.79%    passed     99.72%
 382  MK760757    1.79%    passed     99.94%
 383  MK760760    1.79%    passed     99.86%
 384  MK760766    1.79%    passed     99.76%
 385  JQ944708    1.21%    passed     99.36%
 386  KX148160    1.13%    passed     99.19%
 387  MK598338    1.29%    passed     91.01%
 388  MK598339    1.29%    passed     93.05%
 389  MK598340    1.29%    passed     94.25%
 390  MK598341    1.29%    passed     91.54%
 391  MK598342    1.29%    passed     91.54%
 392  KX148113    1.13%    passed     94.57%
 393  KX148114    1.13%    passed     92.94%
 394  KX148115    1.13%    passed     89.78%
 395  KX148116    1.13%    passed     87.23%
 396  KX148117    1.13%    passed     91.45%
 397  KX148118    1.13%    passed     94.26%
 398  KX148119    1.14%    passed     96.28%
 399  KX148120    1.14%    passed     94.03%
 400  KX148121    1.14%    passed     95.97%
 401  KX148122    1.13%    passed     89.38%
 402  KX148123    1.13%    passed     89.23%
 403  KX148124    1.13%    passed     87.38%
 404  LT909547    1.13%    passed     88.39%
 405  MF197742    1.13%    passed     82.85%
 406  MG458306    1.13%    passed     93.39%
 407  KX148136    1.14%    passed     90.99%
 408  KX148137    1.14%    passed     78.05%
 409  KX148138    1.14%    passed     91.35%
 410  KX148139    1.14%    passed     91.68%
 411  KX148140    1.13%    passed     85.01%
 412  KX148141    1.13%    passed     93.88%
 413  KX148142    1.13%    passed     97.90%
 414  KX148143    1.16%    passed     89.07%
 415  KX148144    1.13%    passed     77.70%
 416  KX148145    1.13%    passed     78.64%
 417  MG458311    1.13%    passed     87.35%
 418  MK598343    1.29%    passed     90.90%
 419  MK598344    1.29%    passed     92.82%
 420  MK598345    1.29%    passed     93.11%
 421  MK598398    1.31%    passed     84.29%
 422  KX148168    1.13%    passed     99.28%
 423  KX148169    1.13%    passed     99.63%
 424  KX148170    1.13%    passed     99.83%
 425  KX148171    1.13%    passed     99.37%
 426  KX148172    1.13%    passed     97.95%
 427  KX148173    1.13%    passed     99.77%
 428  KX148174    1.13%    passed     99.87%
 429  KX148175    1.13%    passed     99.87%
 430  KX148176    1.13%    passed     99.56%
 431  KX148177    1.13%    passed     97.97%
 432  KX148178    1.13%    passed     97.66%
 433  KX148179    1.13%    passed     99.14%
 434  KX148180    1.13%    passed     98.54%
 435  KX148181    1.13%    passed     99.81%
 436  KX148182    1.13%    passed     99.83%
 437  KX148183    1.13%    passed     99.14%
 438  KX148184    1.13%    passed     99.91%
 439  KX148185    1.13%    passed     96.50%
 440  KX148186    1.13%    passed     99.96%
 441  KX148187    1.13%    passed     99.89%
 442  KX148188    1.13%    passed     99.25%
 443  KX148189    1.13%    passed     99.12%
 444  KX148190    1.13%    passed     99.56%
 445  KY860604    1.13%    passed     99.66%
 446  KY860605    1.13%    passed     99.36%
 447  KY860606    1.13%    passed     97.28%
 448  KY860611    1.13%    passed     98.67%
 449  LT909526    1.13%    passed     99.81%
 450  LT909533    1.13%    passed     99.25%
 451  LT909540    1.13%    passed     99.25%
 452  MK760667    1.79%    passed     95.05%
 453  MK760668    1.79%    passed     95.04%
 454  MK760669    1.79%    passed     99.64%
 455  MK760670    1.79%    passed     97.20%
 456  MK760671    1.79%    passed     97.64%
 457  MK760672    1.79%    passed     98.07%
 458  MK760673    1.79%    passed     93.73%
 459  MK760674    1.79%    passed     99.73%
 460  MK760677    1.79%    passed     99.39%
 461  MK760678    1.79%    passed     97.14%
 462  MK760680    1.79%    passed     97.43%
 463  MK760681    1.79%    passed     95.25%
 464  MK760683    1.79%    passed     94.87%
 465  MK760685    1.80%    passed     98.49%
 466  MK760686    1.79%    passed     99.33%
 467  MK760687    1.79%    passed     98.33%
 468  MK760688    1.79%    passed     95.64%
 469  MK760689    1.79%    passed     96.11%
 470  MK760691    1.79%    passed     99.20%
 471  MK760692    1.79%    passed     96.71%
 472  MK760693    1.79%    passed     99.94%
 473  MK760694    1.79%    passed     97.92%
 474  MK760695    1.79%    passed     94.44%
 475  MK760696    1.79%    passed     95.88%
 476  MK760697    1.79%    passed     93.65%
 477  MK760698    1.79%    passed     98.59%
 478  MK760699    1.79%    passed     96.40%
 479  MK760701    1.79%    passed     97.36%
 480  MK760703    1.79%    passed     99.16%
 481  MK760704    1.79%    passed     97.06%
 482  MK760705    1.79%    passed     97.77%
 483  MK760708    1.79%    passed     96.73%
 484  MK760709    1.79%    passed     95.04%
 485  MK760710    1.79%    passed     88.77%
 486  MK760713    1.79%    passed     99.84%
 487  MK760715    1.79%    passed     95.35%
 488  MK760716    1.79%    passed     98.50%
 489  MK760719    1.79%    passed     97.71%
 490  MK760720    1.79%    passed     96.27%
 491  MK760721    1.79%    passed     98.76%
 492  MK760722    1.79%    passed     94.97%
 493  MK760724    1.79%    passed     98.71%
 494  MK760725    1.79%    passed     99.01%
 495  MK760726    1.79%    passed     98.67%
 496  MK760727    1.79%    passed     93.93%
 497  MK760728    1.79%    passed     94.91%
 498  MK760732    1.79%    passed     98.77%
 499  MK760733    1.79%    passed     99.84%
 500  MK760736    1.79%    passed     98.71%
 501  MK760737    1.79%    passed     98.53%
 502  MK760738    1.79%    passed     95.09%
 503  MK760739    1.79%    passed     92.36%
 504  MK760740    1.79%    passed     97.44%
 505  MK760741    1.79%    passed     97.33%
 506  MK760742    1.79%    passed     93.85%
 507  MK760745    1.79%    passed     97.37%
 508  MK760748    1.79%    passed     99.97%
 509  MK760749    1.79%    passed     99.67%
 510  MK760750    1.79%    passed     97.64%
 511  MK760751    1.79%    passed     99.75%
 512  MK760752    1.79%    passed     99.09%
 513  MK760754    1.79%    passed     96.07%
 514  MK760758    1.79%    passed     97.64%
 515  MK760759    1.79%    passed     98.10%
 516  MK760762    1.79%    passed     99.12%
 517  MK760763    1.79%    passed     98.23%
 518  MK760764    1.79%    passed     93.04%
 519  MK760765    1.79%    passed     99.34%
 520  MK760767    1.79%    passed     96.66%
 521  MN534896    1.13%    passed     98.72%
 522  MN534897    1.13%    passed     98.65%
 523  KX148191    1.12%    passed     97.38%
 524  KX148192    1.12%    passed     98.68%
 525  KX148162    1.13%    passed     85.04%
 526  KX148163    1.13%    passed     85.15%
 527  KX148164    1.13%    passed     82.53%
 528  KX148165    1.13%    passed     84.40%
 529  KX148166    1.13%    passed     87.29%
 530  KX148167    1.13%    passed     87.25%
 531  KY860583    1.13%    passed     97.38%
 532  KY860584    1.13%    passed     97.24%
 533  KY860585    1.13%    passed     95.85%
 534  KY860586    1.13%    passed     97.63%
 535  KY860587    1.13%    passed     98.30%
 536  KY860588    1.13%    passed     96.52%
 537  KY860589    1.13%    passed     97.73%
 538  KY860590    1.13%    passed     97.21%
 539  KY860591    1.13%    passed     98.57%
 540  KY860592    1.13%    passed     94.73%
 541  KY860593    1.13%    passed     98.26%
 542  KY860594    1.13%    passed     99.60%
 543  KY860595    1.13%    passed     93.74%
 544  KY860596    1.13%    passed     99.69%
 545  KY860597    1.13%    passed     99.08%
 546  KY860598    1.13%    passed     99.95%
 547  KY860599    1.13%    passed     99.91%
 548  KY860600    1.13%    passed     99.65%
 549  KY860601    1.13%    passed     99.97%
 550  KY860602    1.13%    passed     99.91%
 551  KY860603    1.13%    passed     90.92%
 552  KY860607    1.13%    passed     96.37%
 553  KY860608    1.13%    passed     95.62%
 554  KY860609    1.13%    passed     88.99%
 555  KY860612    1.13%    passed     91.95%
 556  MK760711    1.79%    passed     93.96%
 557  MK760714    1.79%    passed     95.69%
 558  MK760717    1.79%    passed     94.34%
 559  MK760718    1.79%    passed     95.31%
 560  MK760730    1.79%    passed     94.22%
 561  MK760743    1.79%    passed     94.27%
 562  MK760746    1.79%    passed     93.48%
 563  JQ944704    1.13%    passed     64.35%
 564  KF154997    1.13%    passed     85.64%
 565  KX148146    1.13%    passed     88.61%
 566  KX148147    1.13%    passed     88.61%
 567  KX148148    1.13%    passed     85.70%
 568  KX148149    1.13%    passed     85.24%
 569  KX148150    1.13%    passed     88.80%
 570  KX148151    1.13%    passed     77.28%
 571  KX148152    1.13%    passed     89.53%
 572  KX148153    1.13%    passed     88.84%
 573  KX148154    1.13%    passed     89.48%
 574  KX148155    1.13%    passed     89.48%
 575  KX148156    1.13%    passed     88.06%
 576  KX148157    1.13%    passed     91.55%
 577  KX148158    1.13%    passed     93.35%
 578  LT909532    1.13%    passed     88.32%
 579  LT909537    1.13%    passed     77.58%
 580  LT909538    1.13%    passed     83.97%
 581  MF197743    1.13%    passed     83.32%
 582  MK598346    1.29%    passed     70.84%
 583  MK598347    1.29%    passed     92.08%
 584  MK598348    1.29%    passed     91.24%
 585  MK598349    1.29%    passed     91.23%
 586  MK598350    1.29%    passed     91.23%
 587  MK598351    1.29%    passed     86.68%
 588  MK598352    1.29%    passed     84.56%
 589  MK598353    1.29%    passed     86.38%
 590  MK598354    1.29%    passed     85.79%
 591  MK598355    1.29%    passed     87.25%
 592  MK598356    1.29%    passed     83.14%
 593  MK598357    1.29%    passed     86.11%
 594  MK598358    1.29%    passed     83.94%
 595  MK598359    1.29%    passed     84.45%
 596  MK598360    1.29%    passed     87.40%
 597  MK598361    1.29%    passed     87.83%
 598  MK598362    1.29%    passed     82.80%
 599  MK598363    1.29%    passed     85.05%
 600  MK598364    1.29%    passed     85.48%
 601  MK598365    1.29%    passed     84.96%
 602  MK598366    1.29%    passed     85.51%
 603  MK598367    1.29%    passed     82.50%
 604  MK598368    1.29%    passed     85.05%
 605  MK598369    1.29%    passed     85.48%
 606  MK598370    1.29%    passed     85.94%
 607  MK598371    1.29%    passed     86.84%
 608  MK598372    1.29%    passed     86.55%
 609  MK598373    1.29%    passed     84.75%
 610  MK598374    1.29%    passed     87.84%
 611  MK598375    1.29%    passed     85.31%
 612  MK598376    1.29%    passed     87.84%
 613  MK598377    1.29%    passed     85.05%
 614  MK598378    1.29%    passed     85.19%
 615  MK598379    1.29%    passed     87.40%
 616  MK598380    1.29%    passed     82.82%
 617  MK598381    1.29%    passed     79.88%
 618  MK598382    1.29%    passed     82.98%
 619  MK598383    1.29%    passed     85.31%
 620  MK598384    1.29%    passed     80.93%
 621  MK598385    1.29%    passed     85.51%
 622  MK598386    1.29%    passed     86.55%
 623  MK598387    1.29%    passed     79.69%
 624  MK598388    1.29%    passed     83.29%
 625  MK598389    1.29%    passed     85.19%
 626  MK598390    1.29%    passed     83.64%
 627  MK598391    1.29%    passed     84.11%
 628  MK598392    1.29%    passed     85.48%
 629  MK598393    1.29%    passed     86.55%
 630  MK598394    1.29%    passed     87.25%
 631  MK598395    1.29%    passed     84.05%
 632  MK598396    1.29%    passed     85.19%
 633  MK598397    1.29%    passed     85.52%
 634  EU293115    1.13%    passed     97.51%
 635  KX148125    1.13%    passed     87.27%
 636  KX148126    1.13%    passed     85.10%
 637  KX148127    1.13%    passed     97.14%
 638  KX148128    1.13%    passed     98.73%
 639  KX148129    1.13%    passed     97.30%
 640  KX148130    1.13%    passed     97.37%
 641  KX148131    1.13%    passed     96.65%
 642  KX148132    1.13%    passed     97.08%
 643  KX148133    1.13%    passed     97.29%
 644  KX148134    1.13%    passed     96.13%
 645  KX148135    1.13%    passed     95.53%
 646  LN879481    1.13%    passed     94.06%
 647  MG458310    1.13%    passed     97.29%
 648  KX148104    0.11%    passed     99.63%
 649  MG458309    0.11%    passed     99.63%
 650  KX148161    1.13%    passed     95.57%
****  TOTAL       1.22%  0 sequences failed composition chi2 test (p-value<5%; df=3)


Create initial parsimony tree by phylogenetic likelihood library (PLL)... 0.760 seconds
Perform fast likelihood tree search using GTR+I+G model...
Estimate model parameters (epsilon = 5.000)
Perform nearest neighbor interchange...
Estimate model parameters (epsilon = 1.000)
1. Initial log-likelihood: -230235.681
Optimal log-likelihood: -230234.833
Rate parameters:  A-C: 1.32698  A-G: 8.02309  A-T: 0.46173  C-G: 0.15365  C-T: 9.76249  G-T: 1.00000
Base frequencies:  A: 0.284  C: 0.221  G: 0.233  T: 0.263
Proportion of invariable sites: 0.431
Gamma shape alpha: 1.555
Parameters optimization took 1 rounds (8.957 sec)
Time for fast ML tree search: 169.095 seconds

NOTE: ModelFinder requires 560 MB RAM!
ModelFinder will test up to 88 DNA models (sample size: 11936) ...
 No. Model         -LnL         df  AIC          AICc         BIC
  1  GTR+F         249166.631   1305 500943.262   501263.926   510583.707
  2  GTR+F+I       233624.808   1306 469861.617   470182.803   479509.449
  3  GTR+F+G4      230928.052   1306 464468.104   464789.290   474115.936
  4  GTR+F+I+G4    230234.630   1307 463083.259   463404.967   472738.479
  8  SYM+I+G4      230351.356   1304 463310.712   463630.855   472943.770
 12  TVM+F+I+G4    230293.634   1306 463199.267   463520.453   472847.100
 16  TVMe+I+G4     230372.854   1303 463351.708   463671.330   472977.379
 20  TIM3+F+I+G4   231148.558   1305 464907.115   465227.779   474547.561
 24  TIM3e+I+G4    231347.617   1302 465299.234   465618.336   474917.518
 28  TIM2+F+I+G4   231083.038   1305 464776.075   465096.739   474416.520
 32  TIM2e+I+G4    231186.999   1302 464977.998   465297.100   474596.281
 36  TIM+F+I+G4    230389.185   1305 463388.370   463709.034   473028.815
 40  TIMe+I+G4     230600.402   1302 463804.805   464123.907   473423.088
 44  TPM3u+F+I+G4  231206.192   1304 465020.384   465340.527   474653.442
 48  TPM3+F+I+G4   231206.192   1304 465020.384   465340.527   474653.442
 52  TPM2u+F+I+G4  231140.951   1304 464889.903   465210.046   474522.961
 56  TPM2+F+I+G4   231140.951   1304 464889.903   465210.046   474522.961
 60  K3Pu+F+I+G4   230446.755   1304 463501.511   463821.654   473134.568
 64  K3P+I+G4      230623.261   1301 463848.522   464167.105   473459.418
 68  TN+F+I+G4     231159.236   1304 464926.471   465246.614   474559.529
 72  TNe+I+G4      231347.651   1301 465297.303   465615.885   474908.199
 76  HKY+F+I+G4    231216.048   1303 465038.095   465357.718   474663.766
 80  K2P+I+G4      231370.272   1300 465340.543   465658.606   474944.052
 84  F81+F+I+G4    252343.947   1302 507291.894   507610.996   516910.177
 88  JC+I+G4       252319.374   1299 507236.747   507554.291   516832.869
Akaike Information Criterion:           GTR+F+I+G4
Corrected Akaike Information Criterion: GTR+F+I+G4
Bayesian Information Criterion:         GTR+F+I+G4
Best-fit model: GTR+F+I+G4 chosen according to BIC

All model information printed to Documents/GitHub/Lineages/Cosmo_WGS/Alignment/Cosmo_WGS_aligned.fasta.model.gz
CPU time for ModelFinder: 621.959 seconds (0h:10m:21s)
Wall-clock time for ModelFinder: 628.324 seconds (0h:10m:28s)

===> START BOOTSTRAP REPLICATE NUMBER 1

Creating bootstrap alignment (seed: 210914)...

Create initial parsimony tree by phylogenetic likelihood library (PLL)... 0.872 seconds

NOTE: 363 MB RAM (0 GB) is required!
Estimate model parameters (epsilon = 0.100)
Thoroughly optimizing +I+G parameters from 10 start values...
Init pinv, alpha: 0.000, 1.572 / Estimate: 0.000, 0.346 / LogL: -229819.735
Init pinv, alpha: 0.053, 1.572 / Estimate: 0.442, 1.662 / LogL: -229120.979
Init pinv, alpha: 0.107, 1.572 / Estimate: 0.442, 1.662 / LogL: -229121.237
Init pinv, alpha: 0.160, 1.572 / Estimate: 0.442, 1.663 / LogL: -229121.245
Init pinv, alpha: 0.214, 1.572 / Estimate: 0.442, 1.663 / LogL: -229121.340
Init pinv, alpha: 0.267, 1.572 / Estimate: 0.441, 1.660 / LogL: -229121.521
Init pinv, alpha: 0.321, 1.572 / Estimate: 0.442, 1.663 / LogL: -229121.803
Init pinv, alpha: 0.374, 1.572 / Estimate: 0.442, 1.663 / LogL: -229122.058
Init pinv, alpha: 0.428, 1.572 / Estimate: 0.442, 1.664 / LogL: -229122.179
Init pinv, alpha: 0.481, 1.572 / Estimate: 0.443, 1.679 / LogL: -229122.493
Optimal pinv,alpha: 0.442, 1.662 / LogL: -229120.979

Parameters optimization took 621.691 sec
Computing ML distances based on estimated model parameters... 20.437 sec
Computing BIONJ tree...
0.412 seconds
Log-likelihood of BIONJ tree: -230065.511
--------------------------------------------------------------------
|             INITIALIZING CANDIDATE TREE SET                      |
--------------------------------------------------------------------
Generating 98 parsimony trees... 73.844 second
Computing log-likelihood of 98 initial trees ... 48.899 seconds
Current best score: -229085.886

Do NNI search on 20 best initial trees
Estimate model parameters (epsilon = 0.100)
BETTER TREE FOUND at iteration 1: -229021.446
Iteration 10 / LogL: -229053.492 / Time: 0h:14m:24s
Iteration 20 / LogL: -229093.046 / Time: 0h:15m:52s
Finish initializing candidate tree set (20)
Current best tree score: -229021.446 / CPU time: 305.465
Number of iterations: 20
--------------------------------------------------------------------
|               OPTIMIZING CANDIDATE TREE SET                      |
--------------------------------------------------------------------
Iteration 30 / LogL: -229343.026 / Time: 0h:18m:29s (0h:45m:13s left)
Iteration 40 / LogL: -229049.833 / Time: 0h:21m:0s (0h:32m:48s left)
Iteration 50 / LogL: -229021.868 / Time: 0h:23m:37s (0h:24m:33s left)
Estimate model parameters (epsilon = 0.100)
BETTER TREE FOUND at iteration 53: -229018.928
Estimate model parameters (epsilon = 0.100)
BETTER TREE FOUND at iteration 57: -229016.020
Iteration 60 / LogL: -229049.351 / Time: 0h:26m:18s (0h:43m:13s left)
Estimate model parameters (epsilon = 0.100)
BETTER TREE FOUND at iteration 67: -229013.437
Iteration 70 / LogL: -229014.116 / Time: 0h:28m:53s (0h:40m:35s left)
Iteration 80 / LogL: -229060.357 / Time: 0h:31m:25s (0h:34m:35s left)
Estimate model parameters (epsilon = 0.100)
BETTER TREE FOUND at iteration 83: -229013.390
Iteration 90 / LogL: -229047.847 / Time: 0h:33m:53s (0h:35m:23s left)
Iteration 100 / LogL: -229023.128 / Time: 0h:36m:19s (0h:30m:26s left)
Iteration 110 / LogL: -229013.417 / Time: 0h:38m:44s (0h:25m:56s left)
Estimate model parameters (epsilon = 0.100)
BETTER TREE FOUND at iteration 116: -229010.136
Iteration 120 / LogL: -229022.486 / Time: 0h:41m:8s (0h:33m:10s left)
Iteration 130 / LogL: -229066.001 / Time: 0h:43m:32s (0h:29m:0s left)
Iteration 140 / LogL: -229313.253 / Time: 0h:46m:3s (0h:25m:10s left)
Iteration 150 / LogL: -229046.352 / Time: 0h:48m:32s (0h:21m:29s left)
Iteration 160 / LogL: -229043.026 / Time: 0h:51m:5s (0h:17m:59s left)
Iteration 170 / LogL: -229019.401 / Time: 0h:53m:29s (0h:14m:33s left)
Iteration 180 / LogL: -229112.858 / Time: 0h:55m:50s (0h:11m:13s left)
Iteration 190 / LogL: -229011.285 / Time: 0h:58m:14s (0h:8m:0s left)
Iteration 200 / LogL: -229024.787 / Time: 1h:0m:45s (0h:4m:53s left)
Iteration 210 / LogL: -229089.186 / Time: 1h:3m:12s (0h:1m:48s left)
TREE SEARCH COMPLETED AFTER 217 ITERATIONS / Time: 1h:4m:57s

--------------------------------------------------------------------
|                    FINALIZING TREE SEARCH                        |
--------------------------------------------------------------------
Performs final model parameters optimization
Estimate model parameters (epsilon = 0.010)
1. Initial log-likelihood: -229010.136
Optimal log-likelihood: -229010.135
Rate parameters:  A-C: 1.34056  A-G: 8.34922  A-T: 0.46197  C-G: 0.15002  C-T: 10.22010  G-T: 1.00000
Base frequencies:  A: 0.283  C: 0.221  G: 0.231  T: 0.265
Proportion of invariable sites: 0.442
Gamma shape alpha: 1.674
Parameters optimization took 1 rounds (3.116 sec)
BEST SCORE FOUND : -229010.135
Total tree length: 3.255

Total number of iterations: 217
CPU time used for tree search: 3239.477 sec (0h:53m:59s)
Wall-clock time used for tree search: 3250.531 sec (0h:54m:10s)
Total CPU time used: 3887.255 sec (1h:4m:47s)
Total wall-clock time used: 3901.180 sec (1h:5m:1s)

===> START BOOTSTRAP REPLICATE NUMBER 2

Creating bootstrap alignment (seed: 210915)...

Create initial parsimony tree by phylogenetic likelihood library (PLL)... 0.740 seconds

NOTE: 358 MB RAM (0 GB) is required!
Estimate model parameters (epsilon = 0.100)
1. Initial log-likelihood: -249069.278
2. Current log-likelihood: -226730.396
3. Current log-likelihood: -226661.601
4. Current log-likelihood: -226614.224
5. Current log-likelihood: -226562.996
6. Current log-likelihood: -226514.816
7. Current log-likelihood: -226477.051
8. Current log-likelihood: -226453.586
9. Current log-likelihood: -226442.905
10. Current log-likelihood: -226439.205
11. Current log-likelihood: -226438.154
12. Current log-likelihood: -226437.916
Optimal log-likelihood: -226437.831
Rate parameters:  A-C: 1.26711  A-G: 7.61250  A-T: 0.43143  C-G: 0.14179  C-T: 9.70843  G-T: 1.00000
Base frequencies:  A: 0.286  C: 0.215  G: 0.232  T: 0.267
Proportion of invariable sites: 0.435
Gamma shape alpha: 1.503
Parameters optimization took 12 rounds (87.477 sec)
Computing ML distances based on estimated model parameters... 19.195 sec
Computing BIONJ tree...
0.420 seconds
Log-likelihood of BIONJ tree: -227492.722
--------------------------------------------------------------------
|             INITIALIZING CANDIDATE TREE SET                      |
--------------------------------------------------------------------
Generating 98 parsimony trees... 62.021 second
Computing log-likelihood of 98 initial trees ... 47.356 seconds
Current best score: -226400.043

Do NNI search on 20 best initial trees
Estimate model parameters (epsilon = 0.100)
BETTER TREE FOUND at iteration 1: -226366.776
Estimate model parameters (epsilon = 0.100)
BETTER TREE FOUND at iteration 2: -226362.683
Iteration 10 / LogL: -226386.688 / Time: 0h:5m:28s
Iteration 20 / LogL: -226387.518 / Time: 0h:7m:0s
Finish initializing candidate tree set (20)
Current best tree score: -226362.683 / CPU time: 308.881
Number of iterations: 20
--------------------------------------------------------------------
|               OPTIMIZING CANDIDATE TREE SET                      |
--------------------------------------------------------------------
Iteration 30 / LogL: -226365.717 / Time: 0h:9m:19s (0h:23m:6s left)
Estimate model parameters (epsilon = 0.100)
BETTER TREE FOUND at iteration 39: -226359.331
Iteration 40 / LogL: -226390.799 / Time: 0h:11m:41s (0h:29m:38s left)
Estimate model parameters (epsilon = 0.100)
BETTER TREE FOUND at iteration 45: -226357.907
Iteration 50 / LogL: -226366.846 / Time: 0h:13m:58s (0h:27m:4s left)
Estimate model parameters (epsilon = 0.100)
BETTER TREE FOUND at iteration 54: -226356.450
Iteration 60 / LogL: -226406.027 / Time: 0h:16m:21s (0h:26m:2s left)
Iteration 70 / LogL: -226372.675 / Time: 0h:18m:30s (0h:22m:30s left)
Estimate model parameters (epsilon = 0.100)
BETTER TREE FOUND at iteration 78: -226355.062
Iteration 80 / LogL: -226401.947 / Time: 0h:20m:49s (0h:25m:48s left)
Estimate model parameters (epsilon = 0.100)
BETTER TREE FOUND at iteration 82: -226354.458
Iteration 90 / LogL: -226384.578 / Time: 0h:23m:6s (0h:23m:52s left)
Estimate model parameters (epsilon = 0.100)
BETTER TREE FOUND at iteration 99: -226353.354
Iteration 100 / LogL: -226363.658 / Time: 0h:25m:31s (0h:25m:30s left)
Iteration 110 / LogL: -226354.698 / Time: 0h:27m:49s (0h:22m:42s left)
Iteration 120 / LogL: -226380.464 / Time: 0h:30m:5s (0h:19m:57s left)
Iteration 130 / LogL: -226613.919 / Time: 0h:32m:16s (0h:17m:15s left)
Iteration 140 / LogL: -226356.472 / Time: 0h:34m:34s (0h:14m:40s left)
Iteration 150 / LogL: -226377.574 / Time: 0h:36m:52s (0h:12m:7s left)
Iteration 160 / LogL: -226367.142 / Time: 0h:39m:10s (0h:9m:36s left)
Iteration 170 / LogL: -226370.784 / Time: 0h:41m:25s (0h:7m:6s left)
Iteration 180 / LogL: -226671.799 / Time: 0h:43m:40s (0h:4m:38s left)
Iteration 190 / LogL: -226375.190 / Time: 0h:45m:55s (0h:2m:11s left)
Iteration 200 / LogL: -226513.167 / Time: 0h:48m:12s (0h:0m:-15s left)
TREE SEARCH COMPLETED AFTER 200 ITERATIONS / Time: 0h:48m:12s

--------------------------------------------------------------------
|                    FINALIZING TREE SEARCH                        |
--------------------------------------------------------------------
Performs final model parameters optimization
Estimate model parameters (epsilon = 0.010)
1. Initial log-likelihood: -226353.354
Optimal log-likelihood: -226353.354
Rate parameters:  A-C: 1.26738  A-G: 7.61137  A-T: 0.42987  C-G: 0.14206  C-T: 9.70971  G-T: 1.00000
Base frequencies:  A: 0.286  C: 0.215  G: 0.232  T: 0.267
Proportion of invariable sites: 0.436
Gamma shape alpha: 1.513
Parameters optimization took 1 rounds (2.695 sec)
BEST SCORE FOUND : -226353.354
Total tree length: 3.261

Total number of iterations: 200
CPU time used for tree search: 2777.222 sec (0h:46m:17s)
Wall-clock time used for tree search: 2781.118 sec (0h:46m:21s)
Total CPU time used: 2891.339 sec (0h:48m:11s)
Total wall-clock time used: 2895.635 sec (0h:48m:15s)

===> START BOOTSTRAP REPLICATE NUMBER 3

Creating bootstrap alignment (seed: 210916)...

Create initial parsimony tree by phylogenetic likelihood library (PLL)... 0.625 seconds

NOTE: 363 MB RAM (0 GB) is required!
Estimate model parameters (epsilon = 0.100)
1. Initial log-likelihood: -256708.305
2. Current log-likelihood: -234925.054
3. Current log-likelihood: -233293.274
4. Current log-likelihood: -233229.769
5. Current log-likelihood: -233161.569
6. Current log-likelihood: -233099.565
7. Current log-likelihood: -233057.003
8. Current log-likelihood: -233037.473
9. Current log-likelihood: -233031.485
10. Current log-likelihood: -233030.143
11. Current log-likelihood: -233029.916
Optimal log-likelihood: -233029.848
Rate parameters:  A-C: 1.39533  A-G: 8.67072  A-T: 0.52411  C-G: 0.14595  C-T: 10.78253  G-T: 1.00000
Base frequencies:  A: 0.287  C: 0.224  G: 0.228  T: 0.261
Proportion of invariable sites: 0.430
Gamma shape alpha: 1.700
Parameters optimization took 11 rounds (63.098 sec)
Computing ML distances based on estimated model parameters... 18.492 sec
Computing BIONJ tree...
0.358 seconds
Log-likelihood of BIONJ tree: -234191.807
--------------------------------------------------------------------
|             INITIALIZING CANDIDATE TREE SET                      |
--------------------------------------------------------------------
Generating 98 parsimony trees... 59.972 second
Computing log-likelihood of 98 initial trees ... 43.462 seconds
Current best score: -233019.051

Do NNI search on 20 best initial trees
Estimate model parameters (epsilon = 0.100)
BETTER TREE FOUND at iteration 1: -232979.498
Estimate model parameters (epsilon = 0.100)
BETTER TREE FOUND at iteration 10: -232979.066
Iteration 10 / LogL: -232979.066 / Time: 0h:4m:32s
Iteration 20 / LogL: -232995.172 / Time: 0h:5m:55s
Finish initializing candidate tree set (20)
Current best tree score: -232979.066 / CPU time: 269.967
Number of iterations: 20
--------------------------------------------------------------------
|               OPTIMIZING CANDIDATE TREE SET                      |
--------------------------------------------------------------------
Estimate model parameters (epsilon = 0.100)
BETTER TREE FOUND at iteration 27: -232976.281
Iteration 30 / LogL: -232983.116 / Time: 0h:8m:16s (0h:27m:37s left)
Estimate model parameters (epsilon = 0.100)
BETTER TREE FOUND at iteration 40: -232973.787
Iteration 40 / LogL: -232973.787 / Time: 0h:10m:35s (0h:27m:5s left)
Estimate model parameters (epsilon = 0.100)
BETTER TREE FOUND at iteration 46: -232972.473
Iteration 50 / LogL: -232999.488 / Time: 0h:12m:51s (0h:25m:10s left)
Iteration 60 / LogL: -233116.904 / Time: 0h:15m:9s (0h:22m:4s left)
Iteration 70 / LogL: -233004.022 / Time: 0h:17m:25s (0h:19m:10s left)
Iteration 80 / LogL: -232982.688 / Time: 0h:19m:49s (0h:16m:33s left)
Iteration 90 / LogL: -232974.626 / Time: 0h:22m:4s (0h:13m:52s left)
Iteration 100 / LogL: -232979.283 / Time: 0h:24m:22s (0h:11m:19s left)
Iteration 110 / LogL: -232979.160 / Time: 0h:26m:39s (0h:8m:47s left)
Estimate model parameters (epsilon = 0.100)
BETTER TREE FOUND at iteration 120: -232971.904
Iteration 120 / LogL: -232971.904 / Time: 0h:28m:54s (0h:24m:16s left)
Estimate model parameters (epsilon = 0.100)
BETTER TREE FOUND at iteration 122: -232968.314
Estimate model parameters (epsilon = 0.100)
BETTER TREE FOUND at iteration 126: -232968.207
Iteration 130 / LogL: -232985.519 / Time: 0h:31m:13s (0h:23m:13s left)
Estimate model parameters (epsilon = 0.100)
BETTER TREE FOUND at iteration 136: -232966.570
Iteration 140 / LogL: -232981.590 / Time: 0h:33m:28s (0h:23m:6s left)
Iteration 150 / LogL: -232981.873 / Time: 0h:35m:43s (0h:20m:36s left)
Iteration 160 / LogL: -232978.346 / Time: 0h:37m:56s (0h:18m:7s left)
Estimate model parameters (epsilon = 0.100)
BETTER TREE FOUND at iteration 163: -232966.000
Iteration 170 / LogL: -232967.541 / Time: 0h:40m:15s (0h:22m:8s left)
Iteration 180 / LogL: -233152.375 / Time: 0h:42m:31s (0h:19m:42s left)
Estimate model parameters (epsilon = 0.100)
BETTER TREE FOUND at iteration 183: -232965.778
Iteration 190 / LogL: -233127.896 / Time: 0h:44m:46s (0h:22m:1s left)
Iteration 200 / LogL: -232983.899 / Time: 0h:47m:0s (0h:19m:35s left)
Iteration 210 / LogL: -232971.584 / Time: 0h:49m:15s (0h:17m:11s left)
Iteration 220 / LogL: -232966.078 / Time: 0h:51m:32s (0h:14m:49s left)
Iteration 230 / LogL: -232973.252 / Time: 0h:53m:42s (0h:12m:25s left)
Iteration 240 / LogL: -232970.503 / Time: 0h:56m:1s (0h:10m:4s left)
Iteration 250 / LogL: -232969.619 / Time: 0h:58m:13s (0h:7m:42s left)
Iteration 260 / LogL: -233684.779 / Time: 1h:0m:31s (0h:5m:22s left)
Iteration 270 / LogL: -232973.705 / Time: 1h:2m:37s (0h:3m:1s left)
Iteration 280 / LogL: -232970.811 / Time: 1h:4m:47s (0h:0m:41s left)
TREE SEARCH COMPLETED AFTER 284 ITERATIONS / Time: 1h:5m:41s

--------------------------------------------------------------------
|                    FINALIZING TREE SEARCH                        |
--------------------------------------------------------------------
Performs final model parameters optimization
Estimate model parameters (epsilon = 0.010)
1. Initial log-likelihood: -232965.778
Optimal log-likelihood: -232965.778
Rate parameters:  A-C: 1.39152  A-G: 8.66968  A-T: 0.52073  C-G: 0.14731  C-T: 10.78403  G-T: 1.00000
Base frequencies:  A: 0.287  C: 0.224  G: 0.228  T: 0.261
Proportion of invariable sites: 0.430
Gamma shape alpha: 1.709
Parameters optimization took 1 rounds (2.792 sec)
BEST SCORE FOUND : -232965.778
Total tree length: 3.339

Total number of iterations: 284
CPU time used for tree search: 3851.323 sec (1h:4m:11s)
Wall-clock time used for tree search: 3856.134 sec (1h:4m:16s)
Total CPU time used: 3939.740 sec (1h:5m:39s)
Total wall-clock time used: 3944.837 sec (1h:5m:44s)

===> START BOOTSTRAP REPLICATE NUMBER 4

Creating bootstrap alignment (seed: 210917)...

Create initial parsimony tree by phylogenetic likelihood library (PLL)... 0.642 seconds

NOTE: 366 MB RAM (0 GB) is required!
Estimate model parameters (epsilon = 0.100)
1. Initial log-likelihood: -251553.399
2. Current log-likelihood: -228958.033
3. Current log-likelihood: -228893.402
4. Current log-likelihood: -228848.852
5. Current log-likelihood: -228799.157
6. Current log-likelihood: -228750.716
7. Current log-likelihood: -228710.622
8. Current log-likelihood: -228684.942
9. Current log-likelihood: -228672.786
10. Current log-likelihood: -228668.471
11. Current log-likelihood: -228667.252
12. Current log-likelihood: -228666.981
Optimal log-likelihood: -228666.885
Rate parameters:  A-C: 1.32710  A-G: 8.10616  A-T: 0.42843  C-G: 0.15291  C-T: 9.74135  G-T: 1.00000
Base frequencies:  A: 0.290  C: 0.218  G: 0.235  T: 0.257
Proportion of invariable sites: 0.430
Gamma shape alpha: 1.584
Parameters optimization took 12 rounds (78.156 sec)
Computing ML distances based on estimated model parameters... 20.215 sec
Computing BIONJ tree...
0.377 seconds
Log-likelihood of BIONJ tree: -229574.262
--------------------------------------------------------------------
|             INITIALIZING CANDIDATE TREE SET                      |
--------------------------------------------------------------------
Generating 98 parsimony trees... 60.769 second
Computing log-likelihood of 98 initial trees ... 45.652 seconds
Current best score: -228666.885

Do NNI search on 20 best initial trees
Estimate model parameters (epsilon = 0.100)
BETTER TREE FOUND at iteration 1: -228649.300
Estimate model parameters (epsilon = 0.100)
BETTER TREE FOUND at iteration 2: -228647.966
Estimate model parameters (epsilon = 0.100)
BETTER TREE FOUND at iteration 5: -228642.869
Estimate model parameters (epsilon = 0.100)
BETTER TREE FOUND at iteration 9: -228639.189
Iteration 10 / LogL: -228646.698 / Time: 0h:4m:57s
Iteration 20 / LogL: -228640.225 / Time: 0h:6m:21s
Finish initializing candidate tree set (20)
Current best tree score: -228639.189 / CPU time: 279.106
Number of iterations: 20
--------------------------------------------------------------------
|               OPTIMIZING CANDIDATE TREE SET                      |
--------------------------------------------------------------------
Estimate model parameters (epsilon = 0.100)
BETTER TREE FOUND at iteration 28: -228639.132
Iteration 30 / LogL: -228647.546 / Time: 0h:8m:55s (0h:30m:8s left)
Estimate model parameters (epsilon = 0.100)
BETTER TREE FOUND at iteration 40: -228639.109
Iteration 40 / LogL: -228639.109 / Time: 0h:11m:25s (0h:29m:15s left)
